Log file open, 01/22/17 14:32:23
LogInit:Display: Running engine for game: colorepo
LogPlatformFile: Not using cached read wrapper
LogInit:Display: RandInit(-973643705) SRandInit(-973643705).
LogTaskGraph: Started task graph with 5 named threads and 8 total threads with 1 sets of task threads.
LogStats: Stats thread started at 0.071831
LogPluginManager: Loaded Plugin Paper2D, From D:/Unreal/Epic Games/4.14/Engine/Plugins/2D/Paper2D/Paper2D.uplugin
LogPluginManager: Loaded Plugin LightPropagationVolume, From D:/Unreal/Epic Games/4.14/Engine/Plugins/Blendables/LightPropagationVolume/LightPropagationVolume.uplugin
LogPluginManager: Loaded Plugin BlankPlugin, From D:/Unreal/Epic Games/4.14/Engine/Plugins/Developer/BlankPlugin/BlankPlugin.uplugin
LogPluginManager: Loaded Plugin CodeLiteSourceCodeAccess, From D:/Unreal/Epic Games/4.14/Engine/Plugins/Developer/CodeLiteSourceCodeAccess/CodeLiteSourceCodeAccess.uplugin
LogPluginManager: Loaded Plugin GitSourceControl, From D:/Unreal/Epic Games/4.14/Engine/Plugins/Developer/GitSourceControl/GitSourceControl.uplugin
LogPluginManager: Loaded Plugin KDevelopSourceCodeAccess, From D:/Unreal/Epic Games/4.14/Engine/Plugins/Developer/KDevelopSourceCodeAccess/KDevelopSourceCodeAccess.uplugin
LogPluginManager: Loaded Plugin NullSourceCodeAccess, From D:/Unreal/Epic Games/4.14/Engine/Plugins/Developer/NullSourceCodeAccess/NullSourceCodeAccess.uplugin
LogPluginManager: Loaded Plugin OneSkyLocalizationService, From D:/Unreal/Epic Games/4.14/Engine/Plugins/Developer/OneSkyLocalizationService/OneSkyLocalizationService.uplugin
LogPluginManager: Loaded Plugin PerforceSourceControl, From D:/Unreal/Epic Games/4.14/Engine/Plugins/Developer/PerforceSourceControl/PerforceSourceControl.uplugin
LogPluginManager: Loaded Plugin SubversionSourceControl, From D:/Unreal/Epic Games/4.14/Engine/Plugins/Developer/SubversionSourceControl/SubversionSourceControl.uplugin
LogPluginManager: Loaded Plugin UObjectPlugin, From D:/Unreal/Epic Games/4.14/Engine/Plugins/Developer/UObjectPlugin/UObjectPlugin.uplugin
LogPluginManager: Loaded Plugin VisualStudioSourceCodeAccess, From D:/Unreal/Epic Games/4.14/Engine/Plugins/Developer/VisualStudioSourceCodeAccess/VisualStudioSourceCodeAccess.uplugin
LogPluginManager: Loaded Plugin XCodeSourceCodeAccess, From D:/Unreal/Epic Games/4.14/Engine/Plugins/Developer/XCodeSourceCodeAccess/XCodeSourceCodeAccess.uplugin
LogPluginManager: Loaded Plugin AudioCapture, From D:/Unreal/Epic Games/4.14/Engine/Plugins/Editor/AudioCapture/AudioCapture.uplugin
LogPluginManager: Loaded Plugin EpicSurvey, From D:/Unreal/Epic Games/4.14/Engine/Plugins/Editor/EpicSurvey/EpicSurvey.uplugin
LogPluginManager: Loaded Plugin MacGraphicsSwitching, From D:/Unreal/Epic Games/4.14/Engine/Plugins/Editor/MacGraphicsSwitching/MacGraphicsSwitching.uplugin
LogPluginManager: Loaded Plugin MobileLauncherProfileWizard, From D:/Unreal/Epic Games/4.14/Engine/Plugins/Editor/MobileLauncherProfileWizard/MobileLauncherProfileWizard.uplugin
LogPluginManager: Loaded Plugin PluginBrowser, From D:/Unreal/Epic Games/4.14/Engine/Plugins/Editor/PluginBrowser/PluginBrowser.uplugin
LogPluginManager: Loaded Plugin SpeedTreeImporter, From D:/Unreal/Epic Games/4.14/Engine/Plugins/Editor/SpeedTreeImporter/SpeedTreeImporter.uplugin
LogPluginManager: Loaded Plugin SuperSearchEditor, From D:/Unreal/Epic Games/4.14/Engine/Plugins/Editor/SuperSearchEditor/SuperSearchEditor.uplugin
LogPluginManager: Loaded Plugin AlembicImporter, From D:/Unreal/Epic Games/4.14/Engine/Plugins/Experimental/AlembicImporter/AlembicImporter.uplugin
LogPluginManager: Loaded Plugin BlueprintStats, From D:/Unreal/Epic Games/4.14/Engine/Plugins/Experimental/BlueprintStats/BlueprintStats.uplugin
LogPluginManager: Loaded Plugin CharacterAI, From D:/Unreal/Epic Games/4.14/Engine/Plugins/Experimental/CharacterAI/CharacterAI.uplugin
LogPluginManager: Loaded Plugin CodeEditor, From D:/Unreal/Epic Games/4.14/Engine/Plugins/Experimental/CodeEditor/CodeEditor.uplugin
LogPluginManager: Loaded Plugin CodeView, From D:/Unreal/Epic Games/4.14/Engine/Plugins/Experimental/CodeView/CodeView.uplugin
LogPluginManager: Loaded Plugin HTML5Networking, From D:/Unreal/Epic Games/4.14/Engine/Plugins/Experimental/HTML5Networking/HTML5Networking.uplugin
LogPluginManager: Loaded Plugin OSVR, From D:/Unreal/Epic Games/4.14/Engine/Plugins/Experimental/OSVR/OSVR.uplugin
LogPluginManager: Loaded Plugin Phya, From D:/Unreal/Epic Games/4.14/Engine/Plugins/Experimental/Phya/Phya.uplugin
LogPluginManager: Loaded Plugin SignificanceManager, From D:/Unreal/Epic Games/4.14/Engine/Plugins/Experimental/SignificanceManager/SignificanceManager.uplugin
LogPluginManager: Loaded Plugin SimpleHMD, From D:/Unreal/Epic Games/4.14/Engine/Plugins/Experimental/SimpleHMD/SimpleHMD.uplugin
LogPluginManager: Loaded Plugin StereoPanorama, From D:/Unreal/Epic Games/4.14/Engine/Plugins/Experimental/StereoPanorama/StereoPanorama.uplugin
LogPluginManager: Loaded Plugin StructBox, From D:/Unreal/Epic Games/4.14/Engine/Plugins/Experimental/StructBox/StructBox.uplugin
LogPluginManager: Loaded Plugin AndroidMedia, From D:/Unreal/Epic Games/4.14/Engine/Plugins/Media/AndroidMedia/AndroidMedia.uplugin
LogPluginManager: Loaded Plugin AvfMedia, From D:/Unreal/Epic Games/4.14/Engine/Plugins/Media/AvfMedia/AvfMedia.uplugin
LogPluginManager: Loaded Plugin MediaPlayerEditor, From D:/Unreal/Epic Games/4.14/Engine/Plugins/Media/MediaPlayerEditor/MediaPlayerEditor.uplugin
LogPluginManager: Loaded Plugin WmfMedia, From D:/Unreal/Epic Games/4.14/Engine/Plugins/Media/WmfMedia/WmfMedia.uplugin
LogPluginManager: Loaded Plugin MessagingDebugger, From D:/Unreal/Epic Games/4.14/Engine/Plugins/Messaging/MessagingDebugger/MessagingDebugger.uplugin
LogPluginManager: Loaded Plugin TcpMessaging, From D:/Unreal/Epic Games/4.14/Engine/Plugins/Messaging/TcpMessaging/TcpMessaging.uplugin
LogPluginManager: Loaded Plugin UdpMessaging, From D:/Unreal/Epic Games/4.14/Engine/Plugins/Messaging/UdpMessaging/UdpMessaging.uplugin
LogPluginManager: Loaded Plugin LevelSequenceEditor, From D:/Unreal/Epic Games/4.14/Engine/Plugins/MovieScene/LevelSequenceEditor/LevelSequenceEditor.uplugin
LogPluginManager: Loaded Plugin MatineeToLevelSequence, From D:/Unreal/Epic Games/4.14/Engine/Plugins/MovieScene/MatineeToLevelSequence/MatineeToLevelSequence.uplugin
LogPluginManager: Loaded Plugin NetcodeUnitTest, From D:/Unreal/Epic Games/4.14/Engine/Plugins/NetcodeUnitTest/NetcodeUnitTest/NetcodeUnitTest.uplugin
LogPluginManager: Loaded Plugin NUTUnrealEngine4, From D:/Unreal/Epic Games/4.14/Engine/Plugins/NetcodeUnitTest/NUTUnrealEngine4/NUTUnrealEngine4.uplugin
LogPluginManager: Loaded Plugin OnlineSubsystemGameCircle, From D:/Unreal/Epic Games/4.14/Engine/Plugins/Online/Android/OnlineSubsystemGameCircle/OnlineSubsystemGameCircle.uplugin
LogPluginManager: Loaded Plugin OnlineSubsystemGooglePlay, From D:/Unreal/Epic Games/4.14/Engine/Plugins/Online/Android/OnlineSubsystemGooglePlay/OnlineSubsystemGooglePlay.uplugin
LogPluginManager: Loaded Plugin OnlineSubsystemIOS, From D:/Unreal/Epic Games/4.14/Engine/Plugins/Online/IOS/OnlineSubsystemIOS/OnlineSubsystemIOS.uplugin
LogPluginManager: Loaded Plugin OnlineFramework, From D:/Unreal/Epic Games/4.14/Engine/Plugins/Online/OnlineFramework/OnlineFramework.uplugin
LogPluginManager: Loaded Plugin OnlineSubsystem, From D:/Unreal/Epic Games/4.14/Engine/Plugins/Online/OnlineSubsystem/OnlineSubsystem.uplugin
LogPluginManager: Loaded Plugin OnlineSubsystemAmazon, From D:/Unreal/Epic Games/4.14/Engine/Plugins/Online/OnlineSubsystemAmazon/OnlineSubsystemAmazon.uplugin
LogPluginManager: Loaded Plugin OnlineSubsystemFacebook, From D:/Unreal/Epic Games/4.14/Engine/Plugins/Online/OnlineSubsystemFacebook/OnlineSubsystemFacebook.uplugin
LogPluginManager: Loaded Plugin OnlineSubsystemNull, From D:/Unreal/Epic Games/4.14/Engine/Plugins/Online/OnlineSubsystemNull/OnlineSubsystemNull.uplugin
LogPluginManager: Loaded Plugin OnlineSubsystemOculus, From D:/Unreal/Epic Games/4.14/Engine/Plugins/Online/OnlineSubsystemOculus/OnlineSubsystemOculus.uplugin
LogPluginManager: Loaded Plugin OnlineSubsystemSteam, From D:/Unreal/Epic Games/4.14/Engine/Plugins/Online/OnlineSubsystemSteam/OnlineSubsystemSteam.uplugin
LogPluginManager: Loaded Plugin OnlineSubsystemUtils, From D:/Unreal/Epic Games/4.14/Engine/Plugins/Online/OnlineSubsystemUtils/OnlineSubsystemUtils.uplugin
LogPluginManager: Loaded Plugin IOSTapJoy, From D:/Unreal/Epic Games/4.14/Engine/Plugins/Runtime/Advertising/IOSTapJoy/IOSTapJoy.uplugin
LogPluginManager: Loaded Plugin AnalyticsBlueprintLibrary, From D:/Unreal/Epic Games/4.14/Engine/Plugins/Runtime/Analytics/AnalyticsBlueprintLibrary/AnalyticsBlueprintLibrary.uplugin
LogPluginManager: Loaded Plugin AnalyticsMulticast, From D:/Unreal/Epic Games/4.14/Engine/Plugins/Runtime/Analytics/AnalyticsMulticast/AnalyticsMulticast.uplugin
LogPluginManager: Loaded Plugin Apsalar, From D:/Unreal/Epic Games/4.14/Engine/Plugins/Runtime/Analytics/Apsalar/Apsalar.uplugin
LogPluginManager: Loaded Plugin FileLogging, From D:/Unreal/Epic Games/4.14/Engine/Plugins/Runtime/Analytics/FileLogging/FileLogging.uplugin
LogPluginManager: Loaded Plugin Flurry, From D:/Unreal/Epic Games/4.14/Engine/Plugins/Runtime/Analytics/Flurry/Flurry.uplugin
LogPluginManager: Loaded Plugin AndroidDeviceProfileSelector, From D:/Unreal/Epic Games/4.14/Engine/Plugins/Runtime/AndroidDeviceProfileSelector/AndroidDeviceProfileSelector.uplugin
LogPluginManager: Loaded Plugin AndroidMoviePlayer, From D:/Unreal/Epic Games/4.14/Engine/Plugins/Runtime/AndroidMoviePlayer/AndroidMoviePlayer.uplugin
LogPluginManager: Loaded Plugin AppleMoviePlayer, From D:/Unreal/Epic Games/4.14/Engine/Plugins/Runtime/AppleMoviePlayer/AppleMoviePlayer.uplugin
LogPluginManager: Loaded Plugin ArchVisCharacter, From D:/Unreal/Epic Games/4.14/Engine/Plugins/Runtime/ArchVisCharacter/ArchVisCharacter.uplugin
LogPluginManager: Loaded Plugin CableComponent, From D:/Unreal/Epic Games/4.14/Engine/Plugins/Runtime/CableComponent/CableComponent.uplugin
LogPluginManager: Loaded Plugin CustomMeshComponent, From D:/Unreal/Epic Games/4.14/Engine/Plugins/Runtime/CustomMeshComponent/CustomMeshComponent.uplugin
LogPluginManager: Loaded Plugin ExampleDeviceProfileSelector, From D:/Unreal/Epic Games/4.14/Engine/Plugins/Runtime/ExampleDeviceProfileSelector/ExampleDeviceProfileSelector.uplugin
LogPluginManager: Loaded Plugin GearVR, From D:/Unreal/Epic Games/4.14/Engine/Plugins/Runtime/GearVR/GearVR.uplugin
LogPluginManager: Loaded Plugin GoogleVRController, From D:/Unreal/Epic Games/4.14/Engine/Plugins/Runtime/GoogleVR/GoogleVRController/GoogleVRController.uplugin
LogPluginManager: Loaded Plugin GoogleVRHMD, From D:/Unreal/Epic Games/4.14/Engine/Plugins/Runtime/GoogleVR/GoogleVRHMD/GoogleVRHMD.uplugin
LogPluginManager: Loaded Plugin IOSDeviceProfileSelector, From D:/Unreal/Epic Games/4.14/Engine/Plugins/Runtime/IOSDeviceProfileSelector/IOSDeviceProfileSelector.uplugin
LogPluginManager: Loaded Plugin LeapMotion, From D:/Unreal/Epic Games/4.14/Engine/Plugins/Runtime/LeapMotion/LeapMotion.uplugin
LogPluginManager: Loaded Plugin LinuxDeviceProfileSelector, From D:/Unreal/Epic Games/4.14/Engine/Plugins/Runtime/LinuxDeviceProfileSelector/LinuxDeviceProfileSelector.uplugin
LogPluginManager: Loaded Plugin MIDIDevice, From D:/Unreal/Epic Games/4.14/Engine/Plugins/Runtime/MIDIDevice/MIDIDevice.uplugin
LogPluginManager: Loaded Plugin MobilePatchingUtils, From D:/Unreal/Epic Games/4.14/Engine/Plugins/Runtime/MobilePatchingUtils/MobilePatchingUtils.uplugin
LogPluginManager: Loaded Plugin Ansel, From D:/Unreal/Epic Games/4.14/Engine/Plugins/Runtime/Nvidia/Ansel/Ansel.uplugin
LogPluginManager: Loaded Plugin OculusAudio, From D:/Unreal/Epic Games/4.14/Engine/Plugins/Runtime/OculusAudio/OculusAudio.uplugin
LogPluginManager: Loaded Plugin OculusInput, From D:/Unreal/Epic Games/4.14/Engine/Plugins/Runtime/OculusInput/OculusInput.uplugin
LogPluginManager: Loaded Plugin OculusLibrary, From D:/Unreal/Epic Games/4.14/Engine/Plugins/Runtime/OculusLibrary/OculusLibrary.uplugin
LogPluginManager: Loaded Plugin OculusRift, From D:/Unreal/Epic Games/4.14/Engine/Plugins/Runtime/OculusRift/OculusRift.uplugin
LogPluginManager: Loaded Plugin Oodle, From D:/Unreal/Epic Games/4.14/Engine/Plugins/Runtime/PacketHandlers/CompressionComponents/Oodle/Oodle.uplugin
LogPluginManager: Loaded Plugin ProceduralMeshComponent, From D:/Unreal/Epic Games/4.14/Engine/Plugins/Runtime/ProceduralMeshComponent/ProceduralMeshComponent.uplugin
LogPluginManager: Loaded Plugin SoundMod, From D:/Unreal/Epic Games/4.14/Engine/Plugins/Runtime/SoundMod/SoundMod.uplugin
LogPluginManager: Loaded Plugin SoundVisualizations, From D:/Unreal/Epic Games/4.14/Engine/Plugins/Runtime/SoundVisualizations/SoundVisualizations.uplugin
LogPluginManager: Loaded Plugin SteamController, From D:/Unreal/Epic Games/4.14/Engine/Plugins/Runtime/Steam/SteamController/SteamController.uplugin
LogPluginManager: Loaded Plugin SteamVR, From D:/Unreal/Epic Games/4.14/Engine/Plugins/Runtime/Steam/SteamVR/SteamVR.uplugin
LogPluginManager: Loaded Plugin WebBrowserWidget, From D:/Unreal/Epic Games/4.14/Engine/Plugins/Runtime/WebBrowserWidget/WebBrowserWidget.uplugin
LogPluginManager: Loaded Plugin WindowsDeviceProfileSelector, From D:/Unreal/Epic Games/4.14/Engine/Plugins/Runtime/WindowsDeviceProfileSelector/WindowsDeviceProfileSelector.uplugin
LogPluginManager: Loaded Plugin WindowsMoviePlayer, From D:/Unreal/Epic Games/4.14/Engine/Plugins/Runtime/WindowsMoviePlayer/WindowsMoviePlayer.uplugin
LogPluginManager: Loaded Plugin ScriptPlugin, From D:/Unreal/Epic Games/4.14/Engine/Plugins/ScriptPlugin/ScriptPlugin.uplugin
LogPluginManager: Loaded Plugin SlateRemote, From D:/Unreal/Epic Games/4.14/Engine/Plugins/Slate/SlateRemote/SlateRemote.uplugin
LogPluginManager: Loaded Plugin EditorTests, From D:/Unreal/Epic Games/4.14/Engine/Plugins/Tests/EditorTests/EditorTests.uplugin
LogPluginManager: Loaded Plugin FbxAutomationTestBuilder, From D:/Unreal/Epic Games/4.14/Engine/Plugins/Tests/FbxAutomationTestBuilder/FbxAutomationTestBuilder.uplugin
LogPluginManager: Loaded Plugin FunctionalTestingEditor, From D:/Unreal/Epic Games/4.14/Engine/Plugins/Tests/FunctionalTestingEditor/FunctionalTestingEditor.uplugin
LogPluginManager: Loaded Plugin RuntimeTests, From D:/Unreal/Epic Games/4.14/Engine/Plugins/Tests/RuntimeTests/RuntimeTests.uplugin
LogPluginManager: Loaded Plugin ScreenshotTools, From D:/Unreal/Epic Games/4.14/Engine/Plugins/Tests/ScreenshotTools/ScreenshotTools.uplugin
LogInit: Using libcurl 7.47.1
LogInit:  - built for x86_64-pc-win32
LogInit:  - supports SSL with OpenSSL/1.0.2g
LogInit:  - supports HTTP deflate (compression) using libz 1.2.8
LogInit:  - other features:
LogInit:      CURL_VERSION_SSL
LogInit:      CURL_VERSION_LIBZ
LogInit:      CURL_VERSION_IPV6
LogInit:      CURL_VERSION_ASYNCHDNS
LogInit:      CURL_VERSION_LARGEFILE
LogInit:      CURL_VERSION_IDN
LogInit:  CurlRequestOptions (configurable via config and command line):
LogInit:  - bVerifyPeer = false  - Libcurl will NOT verify peer certificate
LogInit:  - bUseHttpProxy = false  - Libcurl will NOT use HTTP proxy
LogInit:  - bDontReuseConnections = false  - Libcurl will reuse connections
LogInit:  - CertBundlePath = nullptr  - Libcurl will use whatever was configured at build time.
LogInit: Build: ++UE4+Release-4.14-CL-3241561
LogInit: Engine Version: 4.14.2-3241561+++UE4+Release-4.14
LogInit: Compatible Engine Version: 4.14.0-3195953+++UE4+Release-4.14
LogInit: Net CL: 3195953
LogDevObjectVersion: Number of dev versions registered: 13
LogDevObjectVersion:   Dev-Blueprints (B0D832E4-1F89-4F0D-ACCF-7EB736FD4AA2): 7
LogDevObjectVersion:   Dev-Build (E1C64328-A22C-4D53-A36C-8E866417BD8C): 0
LogDevObjectVersion:   Dev-Core (375EC13C-06E4-48FB-B500-84F0262A717E): 1
LogDevObjectVersion:   Dev-Editor (E4B068ED-F494-42E9-A231-DA0B2E46BB41): 8
LogDevObjectVersion:   Dev-Framework (CFFC743F-43B0-4480-9391-14DF171D2073): 17
LogDevObjectVersion:   Dev-Mobile (B02B49B5-BB20-44E9-A304-32B752E40360): 0
LogDevObjectVersion:   Dev-Networking (A4E4105C-59A1-49B5-A7C5-40C4547EDFEE): 0
LogDevObjectVersion:   Dev-Online (39C831C9-5AE6-47DC-9A44-9C173E1C8E7C): 0
LogDevObjectVersion:   Dev-Physics (78F01B33-EBEA-4F98-B9B4-84EACCB95AA2): 0
LogDevObjectVersion:   Dev-Platform (6631380F-2D4D-43E0-8009-CF276956A95A): 0
LogDevObjectVersion:   Dev-Rendering (12F88B9F-8875-4AFC-A67C-D90C383ABD29): 12
LogDevObjectVersion:   Dev-Sequencer (7B5AE74C-D270-4C10-A958-57980B212A5A): 1
LogDevObjectVersion:   Dev-VR (D7296918-1DD6-4BDD-9DE2-64A83CC13884): 0
LogInit: Compiled (64-bit): Dec 21 2016 02:13:27
LogInit: Compiled with Visual C++: 19.00.23026.00
LogInit: Build Configuration: Development
LogInit: Branch Name: ++UE4+Release-4.14
LogInit: Command line: -EpicPortal
LogInit: Base directory: D:/Unreal/Epic Games/4.14/Engine/Binaries/Win64/
LogInit: Installed Engine Build: 1
LogInit: Presizing for max 8388607 objects, including 0 objects not considered by GC, pre-allocating 0 bytes for permanent pool.
LogInit: Object subsystem initialized
[2017.01.22-22.32.23:482][  0]LogInit: Selected Device Profile: [Windows]
[2017.01.22-22.32.23:482][  0]LogInit: Applying CVar settings loaded from the selected device profile: [Windows]
[2017.01.22-22.32.23:490][  0]LogInit: Computer: DESKTOP-E3B0E1K
[2017.01.22-22.32.23:490][  0]LogInit: User: Origin
[2017.01.22-22.32.23:490][  0]LogInit: CPU Page size=65536, Cores=4
[2017.01.22-22.32.23:490][  0]LogInit: High frequency timer resolution =3.914061 MHz
[2017.01.22-22.32.23:490][  0]LogMemory: Memory total: Physical=16.0GB (16GB approx)
[2017.01.22-22.32.23:490][  0]LogMemory: Platform Memory Stats for Windows
[2017.01.22-22.32.23:490][  0]LogMemory: Process Physical Memory: 264.49 MB used, 264.49 MB peak
[2017.01.22-22.32.23:490][  0]LogMemory: Process Virtual Memory: 262.93 MB used, 262.93 MB peak
[2017.01.22-22.32.23:490][  0]LogMemory: Physical Memory: 8221.19 MB used,  8123.65 MB free, 16344.84 MB total
[2017.01.22-22.32.23:490][  0]LogMemory: Virtual Memory: 676.42 MB used,  8123.65 MB free, 134217728.00 MB total
[2017.01.22-22.32.23:513][  0]LogTextLocalizationManager: No specific translations for ('en-US') exist, so ('en') translations will be used.
[2017.01.22-22.32.23:947][  0]LogD3D11RHI: D3D11 adapters:
[2017.01.22-22.32.23:965][  0]LogD3D11RHI:    0. 'NVIDIA GeForce GTX 980M            ' (Feature Level 11_0)
[2017.01.22-22.32.23:965][  0]LogD3D11RHI:       8093/0/8172 MB DedicatedVideo/DedicatedSystem/SharedSystem, Outputs:1, VendorId:0x10de
[2017.01.22-22.32.23:966][  0]LogD3D11RHI:    1. 'Microsoft Basic Render Driver' (Feature Level 11_0)
[2017.01.22-22.32.23:966][  0]LogD3D11RHI:       0/0/8172 MB DedicatedVideo/DedicatedSystem/SharedSystem, Outputs:0, VendorId:0x1414
[2017.01.22-22.32.23:966][  0]LogD3D11RHI: Chosen D3D11 Adapter: 0
[2017.01.22-22.32.23:970][  0]LogD3D11RHI: Creating new Direct3DDevice
[2017.01.22-22.32.23:970][  0]LogD3D11RHI:     GPU DeviceId: 0x13d7 (for the marketing name, search the web for "GPU Device Id")
[2017.01.22-22.32.23:970][  0]LogWindows: EnumDisplayDevices:
[2017.01.22-22.32.23:970][  0]LogWindows:    0. 'NVIDIA GeForce GTX 980M            ' (P:1 D:1)
[2017.01.22-22.32.23:971][  0]LogWindows:    1. 'NVIDIA GeForce GTX 980M            ' (P:0 D:0)
[2017.01.22-22.32.23:971][  0]LogWindows:    2. 'NVIDIA GeForce GTX 980M            ' (P:0 D:0)
[2017.01.22-22.32.23:971][  0]LogWindows:    3. 'NVIDIA GeForce GTX 980M            ' (P:0 D:0)
[2017.01.22-22.32.23:971][  0]LogWindows: DebugString: FoundDriverCount:4 
[2017.01.22-22.32.23:971][  0]LogD3D11RHI:     Adapter Name: NVIDIA GeForce GTX 980M            
[2017.01.22-22.32.23:971][  0]LogD3D11RHI:   Driver Version: 361.43 (internal:10.18.13.6143, unified:361.43)
[2017.01.22-22.32.23:971][  0]LogD3D11RHI:      Driver Date: 12-16-2015
[2017.01.22-22.32.23:971][  0]LogRHI: Texture pool is 1361 MB (70% of 1945 MB)
[2017.01.22-22.32.23:982][  0]LogD3D11RHI: Async texture creation enabled
[2017.01.22-22.32.23:996][  0]LogD3D11RHI: GPU Timing Frequency: 1000.000000 (Debug: 2 2)
[2017.01.22-22.32.23:996][  0]LogShaderCompilers: Guid format shader working directory is 12 characters bigger than the processId version (../../../../../../RepoMan/colorepo/Intermediate/Shaders/WorkingDirectory/14300/).
[2017.01.22-22.32.23:996][  0]LogShaderCompilers: Cleaned the shader compiler working directory 'C:/Users/Origin/AppData/Local/Temp/UnrealShaderWorkingDir/902EEE6C453A4BCCFEC21B83E817AE16/'.
[2017.01.22-22.32.23:996][  0]LogShaderCompilers:Display: Using Local Shader Compiler.
[2017.01.22-22.32.24:612][  0]LogTemp:Display: Loaded TP AllDesktopTargetPlatform
[2017.01.22-22.32.24:644][  0]LogTemp:Display: Loaded TP MacClientTargetPlatform
[2017.01.22-22.32.24:674][  0]LogTemp:Display: Loaded TP MacNoEditorTargetPlatform
[2017.01.22-22.32.24:704][  0]LogTemp:Display: Loaded TP MacServerTargetPlatform
[2017.01.22-22.32.24:736][  0]LogTemp:Display: Loaded TP MacTargetPlatform
[2017.01.22-22.32.24:766][  0]LogTemp:Display: Loaded TP WindowsClientTargetPlatform
[2017.01.22-22.32.24:796][  0]LogTemp:Display: Loaded TP WindowsNoEditorTargetPlatform
[2017.01.22-22.32.24:828][  0]LogTemp:Display: Loaded TP WindowsServerTargetPlatform
[2017.01.22-22.32.24:852][  0]LogTemp:Display: Loaded TP WindowsTargetPlatform
[2017.01.22-22.32.24:881][  0]LogTemp:Display: Loaded TP AndroidTargetPlatform
[2017.01.22-22.32.24:910][  0]LogTemp:Display: Loaded TP Android_ASTCTargetPlatform
[2017.01.22-22.32.24:941][  0]LogTemp:Display: Loaded TP Android_ATCTargetPlatform
[2017.01.22-22.32.24:970][  0]LogTemp:Display: Loaded TP Android_DXTTargetPlatform
[2017.01.22-22.32.25:000][  0]LogTemp:Display: Loaded TP Android_ETC1TargetPlatform
[2017.01.22-22.32.25:030][  0]LogTemp:Display: Loaded TP Android_ETC2TargetPlatform
[2017.01.22-22.32.25:090][  0]LogTemp:Display: Loaded TP Android_MultiTargetPlatform
[2017.01.22-22.32.25:090][  0]LogTemp:Display: Loaded TP Android_PVRTCTargetPlatform
[2017.01.22-22.32.25:108][  0]LogTemp:Display: Loaded TP HTML5TargetPlatform
[2017.01.22-22.32.25:159][  0]LogTemp:Display: Loaded TP IOSTargetPlatform
[2017.01.22-22.32.25:180][  0]LogTemp:Display: Loaded TP TVOSTargetPlatform
[2017.01.22-22.32.25:209][  0]LogTemp:Display: Loaded TP LinuxClientTargetPlatform
[2017.01.22-22.32.25:238][  0]LogTemp:Display: Loaded TP LinuxNoEditorTargetPlatform
[2017.01.22-22.32.25:269][  0]LogTemp:Display: Loaded TP LinuxServerTargetPlatform
[2017.01.22-22.32.25:299][  0]LogTemp:Display: Loaded TP LinuxTargetPlatform
[2017.01.22-22.32.25:299][  0]LogTargetPlatformManager:Display: Building Assets For Windows
[2017.01.22-22.32.25:498][  0]LogDerivedDataCache:Display: Max Cache Size: 512 MB
[2017.01.22-22.32.25:542][  0]LogDerivedDataCache: Loaded boot cache 0.04s 64MB C:/Users/Origin/AppData/Local/UnrealEngine/4.14/DerivedDataCache/Boot.ddc.
[2017.01.22-22.32.25:542][  0]LogDerivedDataCache:Display: Loaded Boot cache: C:/Users/Origin/AppData/Local/UnrealEngine/4.14/DerivedDataCache/Boot.ddc
[2017.01.22-22.32.25:542][  0]LogDerivedDataCache: FDerivedDataBackendGraph:  Pak pak cache file ../../../../../../RepoMan/colorepo/DerivedDataCache/DDC.ddp not found, will not use a pak cache.
[2017.01.22-22.32.25:542][  0]LogDerivedDataCache: Unable to find inner node Pak for hierarchical cache Hierarchy.
[2017.01.22-22.32.25:542][  0]LogDerivedDataCache: FDerivedDataBackendGraph:  CompressedPak pak cache file ../../../../../../RepoMan/colorepo/DerivedDataCache/Compressed.ddp not found, will not use a pak cache.
[2017.01.22-22.32.25:542][  0]LogDerivedDataCache: Unable to find inner node CompressedPak for hierarchical cache Hierarchy.
[2017.01.22-22.32.25:554][  0]LogDerivedDataCache:Display: Pak cache opened for reading ../../../Engine/DerivedDataCache/Compressed.ddp.
[2017.01.22-22.32.25:567][  0]LogDerivedDataCache: Using Local data cache path C:/Users/Origin/AppData/Local/UnrealEngine/Common/DerivedDataCache: Writable
[2017.01.22-22.32.25:697][  0]LogInit: Selected Device Profile: [Windows]
[2017.01.22-22.32.25:699][  0]LogContentStreaming: Texture pool size is 0.00 MB
[2017.01.22-22.32.25:820][  0]LogMeshUtilities: Using QuadricMeshReduction for automatic static mesh reduction
[2017.01.22-22.32.25:841][  0]LogSimplygon: Simplygon DLL not present - disabling.
[2017.01.22-22.32.25:864][  0]LogMeshUtilities: Using SimplygonSwarm for distributed automatic mesh merging
[2017.01.22-22.32.25:864][  0]LogMeshUtilities: No automatic skeletal mesh reduction module available
[2017.01.22-22.32.25:864][  0]LogMeshUtilities: No automatic mesh merging module available
[2017.01.22-22.32.26:178][  0]LogNetVersion: GetLocalNetworkVersion: CL: 3195953, ProjectName: colorepo, ProjectVersion: , EngineNetworkVersion: 2, GameNetworkVersion: 0, NetworkChecksum: 2769966269
[2017.01.22-22.32.26:220][  0]LogAssetRegistry: FAssetRegistry took 0.0216 seconds to start up
[2017.01.22-22.32.26:246][  0]LogPackageLocalizationCache: Processed 3 localized package path(s) for 2 prioritized culture(s) in 0.015281 seconds
[2017.01.22-22.32.26:249][  0]LogUObjectArray: 31946 objects as part of root set at end of initial load.
[2017.01.22-22.32.26:249][  0]LogUObjectAllocator: 6935848 out of 0 bytes used by permanent object pool.
[2017.01.22-22.32.26:249][  0]LogUObjectArray: CloseDisregardForGC: 0/0 objects in disregard for GC pool
[2017.01.22-22.32.26:281][  0]LogInit: WinSock: version 1.1 (2.2), MaxSocks=32767, MaxUdp=65467
[2017.01.22-22.32.26:648][  0]LogSlate: Using Freetype 2.6.0
[2017.01.22-22.32.26:648][  0]LogSlate: SlateFontCache - WITH_FREETYPE: 1, WITH_HARFBUZZ: 1
[2017.01.22-22.32.26:648][  0]LogSlate: SlateFontCache - WITH_FREETYPE: 1, WITH_HARFBUZZ: 1
[2017.01.22-22.32.27:158][  0]LogTcpMessaging: Initializing TcpMessaging bridge
[2017.01.22-22.32.27:183][  0]LogUdpMessaging: Initializing bridge on interface 0.0.0.0:0 to multicast group 230.0.0.1:6666.
[2017.01.22-22.32.27:538][  0]LogMaterial: Uniform references updated for custom material expression Custom.
[2017.01.22-22.32.27:770][  0]SourceControl: Info Source control is disabled
[2017.01.22-22.32.27:796][  0]SourceControl: Info Source control is disabled
[2017.01.22-22.32.27:819][  0]SourceControl: Info Source control is disabled
[2017.01.22-22.32.27:841][  0]SourceControl: Info Source control is disabled
[2017.01.22-22.32.28:495][  0]LogEngine: Initializing Engine...
[2017.01.22-22.32.28:495][  0]LogHMD: Failed to initialize OpenVR with code 110
[2017.01.22-22.32.28:637][  0]LogAIModule: Creating AISystem for world Untitled
[2017.01.22-22.32.28:645][  0]LogInit: XAudio2 using 'Speakers (Realtek High Definition Audio)' : 2 channels at 48 kHz using 32 bits per sample (channel mask 0x3)
[2017.01.22-22.32.28:660][  0]LogInit: FAudioDevice initialized.
[2017.01.22-22.32.28:683][  0]LogDerivedDataCache: Saved boot cache 0.02s 64MB C:/Users/Origin/AppData/Local/UnrealEngine/4.14/DerivedDataCache/Boot.ddc.
[2017.01.22-22.32.28:689][  0]LogInit: Texture streaming: Enabled
[2017.01.22-22.32.28:780][  0]LogInit: Transaction tracking system initialized
[2017.01.22-22.32.28:947][  0]BlueprintLog: New page: Editor Load
[2017.01.22-22.32.29:413][  0]LocalizationService: Info Localization service is disabled
[2017.01.22-22.32.29:739][  0]LogConsoleResponse:Display: 
[2017.01.22-22.32.29:826][  0]LogCook:Display: Max memory allowance for cook 16384mb min free memory 0mb
[2017.01.22-22.32.29:826][  0]LogCook:Display: Mobile HDR setting 1
[2017.01.22-22.32.30:285][  0]LogFileCache: Scanning file cache for directory 'D:/RepoMan/colorepo/Content/' took 0.01s
[2017.01.22-22.32.30:285][  0]SourceControl: Info Source control is disabled
[2017.01.22-22.32.30:285][  0]Cmd: MAP LOAD FILE="../../../../../../RepoMan/colorepo/Content/ThirdPersonCPP/Maps/TestLevel.umap" TEMPLATE=0 SHOWPROGRESS=1 FEATURELEVEL=3
[2017.01.22-22.32.30:285][  0]LightingResults: New page: Lighting Build
[2017.01.22-22.32.30:305][  0]MapCheck: New page: Map Check
[2017.01.22-22.32.30:305][  0]LightingResults: New page: Lighting Build
[2017.01.22-22.32.30:612][  0]LogAIModule: Creating AISystem for world TestLevel
[2017.01.22-22.32.30:619][  0]LogEditorServer: Finished looking for orphan Actors (0.000 secs)
[2017.01.22-22.32.30:619][  0]Cmd: MAP CHECKDEP NOCLEARLOG
[2017.01.22-22.32.30:647][  0]MapCheck: Info Map check complete: 0 Error(s), 0 Warning(s), took 27.148ms to complete.
[2017.01.22-22.32.30:647][  0]LogFileHelpers: Loading map 'TestLevel' took 0.362
[2017.01.22-22.32.30:739][  0]LogCollectionManager: Loaded 0 collections in 0.000837 seconds
[2017.01.22-22.32.30:812][  0]LogFileCache: Scanning file cache for directory 'D:/RepoMan/colorepo/Saved/Collections/' took 0.01s
[2017.01.22-22.32.30:812][  0]LogFileCache: Scanning file cache for directory 'D:/RepoMan/colorepo/Content/Developers/Origin/Collections/' took 0.01s
[2017.01.22-22.32.30:812][  0]LogFileCache: Scanning file cache for directory 'D:/RepoMan/colorepo/Content/Collections/' took 0.01s
[2017.01.22-22.32.30:812][  0]LogCollectionManager: Rebuilt the GUID cache for 0 collections in 0.000002 seconds
[2017.01.22-22.32.30:819][  0]LogContentBrowser: Native class hierarchy populated in 0.0066 seconds. Added 2194 classes and 430 folders.
[2017.01.22-22.32.30:839][  0]LogStats: UGameplayTagsManager::ConstructGameplayTagTree: Construct from data asset -  0.000 s
[2017.01.22-22.32.30:839][  0]LogStats: UGameplayTagsManager::ConstructGameplayTagTree: GameplayTagTreeChangedEvent.Broadcast -  0.000 s
[2017.01.22-22.32.30:840][  0]LogContentBrowser: Native class hierarchy updated for 'GameplayTags' in 0.0008 seconds. Added 13 classes and 0 folders.
[2017.01.22-22.32.30:870][  0]LogContentBrowser: Native class hierarchy updated for 'WidgetCarousel' in 0.0007 seconds. Added 0 classes and 0 folders.
[2017.01.22-22.32.30:892][  0]LogContentBrowser: Native class hierarchy updated for 'AddContentDialog' in 0.0007 seconds. Added 0 classes and 0 folders.
[2017.01.22-22.32.30:914][  0]LogContentBrowser: Native class hierarchy updated for 'SceneOutliner' in 0.0007 seconds. Added 1 classes and 2 folders.
[2017.01.22-22.32.30:936][  0]LogCrashTracker: Crashtracker disabled due to settings.
[2017.01.22-22.32.30:940][  0]LogUObjectGlobals:Warning: Failed to find object 'Class None.'
[2017.01.22-22.32.30:983][  0]LogContentBrowser: Native class hierarchy updated for 'HierarchicalLODOutliner' in 0.0008 seconds. Added 1 classes and 2 folders.
[2017.01.22-22.32.30:983][  0]LogLoad: (Engine Initialization) Total time: 8.49 seconds
[2017.01.22-22.32.30:983][  0]LogLoad: (Engine Initialization) Total Blueprint compile time: 0.12 seconds
[2017.01.22-22.32.30:983][  0]LogExternalProfiler: Found external profiler: VSPerf
[2017.01.22-22.32.30:983][  0]LogExternalProfiler: Using external profiler: VSPerf
[2017.01.22-22.32.31:323][  0]LogOcInput: OculusInput pre-init called
[2017.01.22-22.32.31:346][  0]LogContentStreaming: Texture pool size now 1000 MB
[2017.01.22-22.32.31:474][  0]LogRenderer: Reallocating scene render targets to support 1208x556 NumSamples 1 (Frame:2).
[2017.01.22-22.32.31:992][  2]LogAssetRegistry: Asset discovery search completed in 5.7941 seconds
[2017.01.22-22.32.31:992][  2]LogCollectionManager: Rebuilt the object cache for 0 collections in 0.000001 seconds (found 0 objects)
[2017.01.22-22.32.31:992][  2]LogCollectionManager: Fixed up redirectors for 0 collections in 0.000014 seconds (updated 0 objects)
[2017.01.22-22.33.20:176][643]LogAIModule: Creating AISystem for world MainScene
[2017.01.22-22.33.20:177][643]LogMaterial:Warning: Material /Game/CharacterMat/M_OrganicM.M_OrganicM needed to have new flag set bUsedWithStaticLighting !
[2017.01.22-22.33.20:179][643]LogMaterial: Missing cached shader map for material M_OrganicM, compiling. 
[2017.01.22-22.33.20:200][643]MapCheck:Warning: Warning M_OrganicM Material /Game/CharacterMat/M_OrganicM.M_OrganicM was missing the usage flag bUsedWithStaticLighting. If the material asset is not re-saved, it may not render correctly when run outside the editor. Fix
[2017.01.22-22.33.20:207][643]LogMaterial: 0.00 seconds spent updating 1 materials, 1 interfaces, 0 instances, 0 with static permutations.
[2017.01.22-22.33.20:227][643]Cmd: MAP LOAD FILE="../../../../../../RepoMan/colorepo/Content/ColorepoLevel/MainScene.umap" TEMPLATE=0 SHOWPROGRESS=1 FEATURELEVEL=3
[2017.01.22-22.33.20:227][643]LightingResults: New page: Lighting Build
[2017.01.22-22.33.20:227][643]LoadErrors: New page: Loading map: MainScene.umap
[2017.01.22-22.33.20:228][643]MapCheck: New page: Map Check
[2017.01.22-22.33.20:228][643]LightingResults: New page: Lighting Build
[2017.01.22-22.33.20:248][643]LogEditorServer: Finished looking for orphan Actors (0.000 secs)
[2017.01.22-22.33.20:277][643]Cmd: MAP CHECKDEP NOCLEARLOG
[2017.01.22-22.33.20:306][643]MapCheck: Info Map check complete: 0 Error(s), 0 Warning(s), took 29.411ms to complete.
[2017.01.22-22.33.20:306][643]LogFileHelpers: Loading map 'MainScene' took 0.081
[2017.01.22-22.33.25:498][953]Recompiling colorepo...
[2017.01.22-22.33.25:498][953]Launching UnrealBuildTool... [D:/Unreal/Epic Games/4.14/Engine/Binaries/DotNET/UnrealBuildTool.exe colorepo -ModuleWithSuffix colorepo 8130 Win64 Development -editorrecompile -canskiplink "D:/RepoMan/colorepo/colorepo.uproject" ]
[2017.01.22-22.33.25:499][953]Warning: Starting HotReload took  0.0s.
[2017.01.22-22.33.36:858][331]CompilerResultsLog: New page: Compilation - Jan 22, 2017, 6:33:36 AM
[2017.01.22-22.33.36:858][331]CompilerResultsLog: Info Compiling game modules for hot reload
[2017.01.22-22.33.36:858][331]CompilerResultsLog: Info Performing 2 actions (4 in parallel)
[2017.01.22-22.33.36:858][331]CompilerResultsLog: Info Crystal.cpp
[2017.01.22-22.33.36:858][331]CompilerResultsLog: Info [2/2] Link UE4Editor-colorepo-8130.dll
[2017.01.22-22.33.36:858][331]CompilerResultsLog: Info    Creating library D:\RepoMan\colorepo\Intermediate\Build\Win64\UE4Editor\Development\UE4Editor-colorepo-8130.lib and object D:\RepoMan\colorepo\Intermediate\Build\Win64\UE4Editor\Development\UE4Editor-colorepo-8130.exp
[2017.01.22-22.33.36:859][331]CompilerResultsLog: Info Total build time: 11.32 seconds
[2017.01.22-22.33.36:859][331]LogMainFrame: MainFrame: Module compiling took 11.364 seconds
[2017.01.22-22.33.36:904][331]LogContentBrowser: Native class hierarchy updated for 'colorepo' in 0.0008 seconds. Added 4 classes and 2 folders.
[2017.01.22-22.33.36:905][331]Display: HotReload successful (1 functions remapped  0 scriptstructs remapped)
[2017.01.22-22.33.36:959][331]LogContentBrowser: Native class hierarchy populated in 0.0070 seconds. Added 2196 classes and 434 folders.
[2017.01.22-22.33.36:959][331]Display: HotReload took 11.5s.
[2017.01.22-22.33.38:814][443]LogTemp: Repeting last play command: New Editor Window (PIE)
[2017.01.22-22.33.38:829][443]LogBlueprintUserMessages: Early PlayInEditor Detection: Level '/Game/ColorepoLevel/MainScene.MainScene:PersistentLevel' has LevelScriptBlueprint '/Game/ColorepoLevel/MainScene.MainScene:PersistentLevel.MainScene' with GeneratedClass '/Game/ColorepoLevel/MainScene.MainScene_C' with ClassGeneratedBy '/Game/ColorepoLevel/MainScene.MainScene:PersistentLevel.MainScene'
[2017.01.22-22.33.38:829][443]LogPlayLevel: PlayLevel: No blueprints needed recompiling
[2017.01.22-22.33.38:829][443]PIE: New page: PIE session: MainScene (Jan 22, 2017, 6:33:38 AM)
[2017.01.22-22.33.38:829][443]LogPlayLevel: Creating play world package: /Game/ColorepoLevel/UEDPIE_0_MainScene
[2017.01.22-22.33.38:835][443]LogPlayLevel: PIE: StaticDuplicateObject took: (0.006700s)
[2017.01.22-22.33.38:836][443]LogAIModule: Creating AISystem for world MainScene
[2017.01.22-22.33.38:836][443]LogPlayLevel: PIE: World Init took: (0.000428s)
[2017.01.22-22.33.38:836][443]LogPlayLevel: PIE: Created PIE world by copying editor world from /Game/ColorepoLevel/MainScene.MainScene to /Game/ColorepoLevel/UEDPIE_0_MainScene.MainScene (0.007307s)
[2017.01.22-22.33.38:847][443]LogInit: XAudio2 using 'Speakers (Realtek High Definition Audio)' : 2 channels at 48 kHz using 32 bits per sample (channel mask 0x3)
[2017.01.22-22.33.38:851][443]LogInit: FAudioDevice initialized.
[2017.01.22-22.33.38:897][443]LogLoad: Game class is 'colorepoGameMode'
[2017.01.22-22.33.38:900][443]LogWorld: Bringing World /Game/ColorepoLevel/UEDPIE_0_MainScene.MainScene up for play (max tick rate 60) at 2017.01.22-14.33.38
[2017.01.22-22.33.38:901][443]LogWorld: Bringing up level for play took: 0.002129
[2017.01.22-22.33.38:926][443]LogContentBrowser: Native class hierarchy updated for 'MovieSceneCapture' in 0.0008 seconds. Added 11 classes and 0 folders.
[2017.01.22-22.33.38:926][443]LogPlayerManagement:Error: Failed to Create Player: A local player already exists for controller ID 0,
[2017.01.22-22.33.38:931][443]PIE: Info Play in editor start time for /Game/ColorepoLevel/UEDPIE_0_MainScene 0.78
[2017.01.22-22.33.38:932][443]LogBlueprintUserMessages: Late PlayInEditor Detection: Level '/Game/ColorepoLevel/MainScene.MainScene:PersistentLevel' has LevelScriptBlueprint '/Game/ColorepoLevel/MainScene.MainScene:PersistentLevel.MainScene' with GeneratedClass '/Game/ColorepoLevel/MainScene.MainScene_C' with ClassGeneratedBy '/Game/ColorepoLevel/MainScene.MainScene:PersistentLevel.MainScene'
[2017.01.22-22.33.38:950][443]LogRenderer: Reallocating scene render targets to support 1292x756 NumSamples 1 (Frame:1525).
[2017.01.22-22.33.42:205][637]LogBlueprintUserMessages: Early EndPlayMap Detection: Level '/Game/ColorepoLevel/MainScene.MainScene:PersistentLevel' has LevelScriptBlueprint '/Game/ColorepoLevel/MainScene.MainScene:PersistentLevel.MainScene' with GeneratedClass '/Game/ColorepoLevel/MainScene.MainScene_C' with ClassGeneratedBy '/Game/ColorepoLevel/MainScene.MainScene:PersistentLevel.MainScene'
[2017.01.22-22.33.42:254][637]LogBlueprintUserMessages: Late EndPlayMap Detection: Level '/Game/ColorepoLevel/MainScene.MainScene:PersistentLevel' has LevelScriptBlueprint '/Game/ColorepoLevel/MainScene.MainScene:PersistentLevel.MainScene' with GeneratedClass '/Game/ColorepoLevel/MainScene.MainScene_C' with ClassGeneratedBy '/Game/ColorepoLevel/MainScene.MainScene:PersistentLevel.MainScene'
[2017.01.22-22.33.53:893][335]LogTemp: Repeting last play command: New Editor Window (PIE)
[2017.01.22-22.33.53:908][335]LogBlueprintUserMessages: Early PlayInEditor Detection: Level '/Game/ColorepoLevel/MainScene.MainScene:PersistentLevel' has LevelScriptBlueprint '/Game/ColorepoLevel/MainScene.MainScene:PersistentLevel.MainScene' with GeneratedClass '/Game/ColorepoLevel/MainScene.MainScene_C' with ClassGeneratedBy '/Game/ColorepoLevel/MainScene.MainScene:PersistentLevel.MainScene'
[2017.01.22-22.33.53:908][335]LogPlayLevel: PlayLevel: No blueprints needed recompiling
[2017.01.22-22.33.53:908][335]PIE: New page: PIE session: MainScene (Jan 22, 2017, 6:33:53 AM)
[2017.01.22-22.33.53:908][335]LogPlayLevel: Creating play world package: /Game/ColorepoLevel/UEDPIE_0_MainScene
[2017.01.22-22.33.53:915][335]LogPlayLevel: PIE: StaticDuplicateObject took: (0.006783s)
[2017.01.22-22.33.53:915][335]LogAIModule: Creating AISystem for world MainScene
[2017.01.22-22.33.53:915][335]LogPlayLevel: PIE: World Init took: (0.000400s)
[2017.01.22-22.33.53:915][335]LogPlayLevel: PIE: Created PIE world by copying editor world from /Game/ColorepoLevel/MainScene.MainScene to /Game/ColorepoLevel/UEDPIE_0_MainScene.MainScene (0.007371s)
[2017.01.22-22.33.53:928][335]LogInit: XAudio2 using 'Speakers (Realtek High Definition Audio)' : 2 channels at 48 kHz using 32 bits per sample (channel mask 0x3)
[2017.01.22-22.33.53:931][335]LogInit: FAudioDevice initialized.
[2017.01.22-22.33.53:965][335]LogLoad: Game class is 'colorepoGameMode'
[2017.01.22-22.33.53:967][335]LogWorld: Bringing World /Game/ColorepoLevel/UEDPIE_0_MainScene.MainScene up for play (max tick rate 60) at 2017.01.22-14.33.53
[2017.01.22-22.33.53:967][335]LogWorld: Bringing up level for play took: 0.002028
[2017.01.22-22.33.53:968][335]LogPlayerManagement:Error: Failed to Create Player: A local player already exists for controller ID 0,
[2017.01.22-22.33.53:972][335]PIE: Info Play in editor start time for /Game/ColorepoLevel/UEDPIE_0_MainScene -0.18
[2017.01.22-22.33.53:972][335]LogBlueprintUserMessages: Late PlayInEditor Detection: Level '/Game/ColorepoLevel/MainScene.MainScene:PersistentLevel' has LevelScriptBlueprint '/Game/ColorepoLevel/MainScene.MainScene:PersistentLevel.MainScene' with GeneratedClass '/Game/ColorepoLevel/MainScene.MainScene_C' with ClassGeneratedBy '/Game/ColorepoLevel/MainScene.MainScene:PersistentLevel.MainScene'
[2017.01.22-22.34.08:424][200]LogNet: Browse: /Game/ColorepoLevel/MainScene
[2017.01.22-22.34.08:424][200]LogLoad: LoadMap: /Game/ColorepoLevel/MainScene
[2017.01.22-22.34.08:435][200]Cmd: MEM
[2017.01.22-22.34.08:442][200]LogMemory: Platform Memory Stats for Windows
[2017.01.22-22.34.08:442][200]LogMemory: Process Physical Memory: 1078.27 MB used, 1122.44 MB peak
[2017.01.22-22.34.08:442][200]LogMemory: Process Virtual Memory: 1553.80 MB used, 1723.18 MB peak
[2017.01.22-22.34.08:442][200]LogMemory: Physical Memory: 8465.85 MB used,  7878.98 MB free, 16344.84 MB total
[2017.01.22-22.34.08:442][200]LogMemory: Virtual Memory: 2481.14 MB used,  7878.98 MB free, 134217728.00 MB total
[2017.01.22-22.34.08:442][200]LogMemory: 
[2017.01.22-22.34.08:442][200]Allocator Stats for TBB: (not implemented)
[2017.01.22-22.34.08:442][200]LogPlayLevel: Creating play world package: /Game/ColorepoLevel/UEDPIE_0_MainScene
[2017.01.22-22.34.08:449][200]LogPlayLevel: PIE: StaticDuplicateObject took: (0.006559s)
[2017.01.22-22.34.08:449][200]LogAIModule: Creating AISystem for world MainScene
[2017.01.22-22.34.08:449][200]LogPlayLevel: PIE: World Init took: (0.000541s)
[2017.01.22-22.34.08:449][200]LogPlayLevel: PIE: Created PIE world by copying editor world from /Game/ColorepoLevel/MainScene.MainScene to /Game/ColorepoLevel/UEDPIE_0_MainScene.MainScene (0.007274s)
[2017.01.22-22.34.08:449][200]LogLoad: Game class is 'colorepoGameMode'
[2017.01.22-22.34.08:452][200]LogWorld: Bringing World /Game/ColorepoLevel/UEDPIE_0_MainScene.MainScene up for play (max tick rate 60) at 2017.01.22-14.34.08
[2017.01.22-22.34.08:452][200]LogWorld: Bringing up level for play took: 0.001932
[2017.01.22-22.34.08:452][200]LogGameMode: Warning - PATHS NOT DEFINED or NO PLAYERSTART with positive rating
[2017.01.22-22.34.08:453][200]LogGameMode: Warning - PATHS NOT DEFINED or NO PLAYERSTART with positive rating
[2017.01.22-22.34.08:453][200]LogPlayerManagement:Error: Failed to Create Player: A local player already exists for controller ID 0,
[2017.01.22-22.34.08:453][200]LogPlayerManagement:Error: Failed to Create Player: A local player already exists for controller ID 1,
[2017.01.22-22.34.08:454][200]LogLoad: Took 0.029310 seconds to LoadMap(/Game/ColorepoLevel/UEDPIE_0_MainScene)
[2017.01.22-22.34.20:835][943]LogBlueprintUserMessages: Early EndPlayMap Detection: Level '/Game/ColorepoLevel/MainScene.MainScene:PersistentLevel' has LevelScriptBlueprint '/Game/ColorepoLevel/MainScene.MainScene:PersistentLevel.MainScene' with GeneratedClass '/Game/ColorepoLevel/MainScene.MainScene_C' with ClassGeneratedBy '/Game/ColorepoLevel/MainScene.MainScene:PersistentLevel.MainScene'
[2017.01.22-22.34.20:896][943]LogBlueprintUserMessages: Late EndPlayMap Detection: Level '/Game/ColorepoLevel/MainScene.MainScene:PersistentLevel' has LevelScriptBlueprint '/Game/ColorepoLevel/MainScene.MainScene:PersistentLevel.MainScene' with GeneratedClass '/Game/ColorepoLevel/MainScene.MainScene_C' with ClassGeneratedBy '/Game/ColorepoLevel/MainScene.MainScene:PersistentLevel.MainScene'
[2017.01.22-22.34.23:701][111]LogTemp: Repeting last play command: New Editor Window (PIE)
[2017.01.22-22.34.23:715][111]LogBlueprintUserMessages: Early PlayInEditor Detection: Level '/Game/ColorepoLevel/MainScene.MainScene:PersistentLevel' has LevelScriptBlueprint '/Game/ColorepoLevel/MainScene.MainScene:PersistentLevel.MainScene' with GeneratedClass '/Game/ColorepoLevel/MainScene.MainScene_C' with ClassGeneratedBy '/Game/ColorepoLevel/MainScene.MainScene:PersistentLevel.MainScene'
[2017.01.22-22.34.23:715][111]LogPlayLevel: PlayLevel: No blueprints needed recompiling
[2017.01.22-22.34.23:715][111]PIE: New page: PIE session: MainScene (Jan 22, 2017, 6:34:23 AM)
[2017.01.22-22.34.23:715][111]LogPlayLevel: Creating play world package: /Game/ColorepoLevel/UEDPIE_0_MainScene
[2017.01.22-22.34.23:722][111]LogPlayLevel: PIE: StaticDuplicateObject took: (0.006713s)
[2017.01.22-22.34.23:722][111]LogAIModule: Creating AISystem for world MainScene
[2017.01.22-22.34.23:722][111]LogPlayLevel: PIE: World Init took: (0.000387s)
[2017.01.22-22.34.23:722][111]LogPlayLevel: PIE: Created PIE world by copying editor world from /Game/ColorepoLevel/MainScene.MainScene to /Game/ColorepoLevel/UEDPIE_0_MainScene.MainScene (0.007260s)
[2017.01.22-22.34.23:738][111]LogInit: XAudio2 using 'Speakers (Realtek High Definition Audio)' : 2 channels at 48 kHz using 32 bits per sample (channel mask 0x3)
[2017.01.22-22.34.23:741][111]LogInit: FAudioDevice initialized.
[2017.01.22-22.34.23:777][111]LogLoad: Game class is 'colorepoGameMode'
[2017.01.22-22.34.23:780][111]LogWorld: Bringing World /Game/ColorepoLevel/UEDPIE_0_MainScene.MainScene up for play (max tick rate 60) at 2017.01.22-14.34.23
[2017.01.22-22.34.23:780][111]LogWorld: Bringing up level for play took: 0.002087
[2017.01.22-22.34.23:781][111]LogPlayerManagement:Error: Failed to Create Player: A local player already exists for controller ID 0,
[2017.01.22-22.34.23:785][111]PIE: Info Play in editor start time for /Game/ColorepoLevel/UEDPIE_0_MainScene -0.367
[2017.01.22-22.34.23:786][111]LogBlueprintUserMessages: Late PlayInEditor Detection: Level '/Game/ColorepoLevel/MainScene.MainScene:PersistentLevel' has LevelScriptBlueprint '/Game/ColorepoLevel/MainScene.MainScene:PersistentLevel.MainScene' with GeneratedClass '/Game/ColorepoLevel/MainScene.MainScene_C' with ClassGeneratedBy '/Game/ColorepoLevel/MainScene.MainScene:PersistentLevel.MainScene'
[2017.01.22-22.34.48:886][615]LogNet: Browse: /Game/ColorepoLevel/MainScene
[2017.01.22-22.34.48:886][615]LogLoad: LoadMap: /Game/ColorepoLevel/MainScene
[2017.01.22-22.34.48:896][615]Cmd: MEM
[2017.01.22-22.34.48:903][615]LogMemory: Platform Memory Stats for Windows
[2017.01.22-22.34.48:903][615]LogMemory: Process Physical Memory: 1118.88 MB used, 1129.30 MB peak
[2017.01.22-22.34.48:903][615]LogMemory: Process Virtual Memory: 1565.95 MB used, 1723.18 MB peak
[2017.01.22-22.34.48:903][615]LogMemory: Physical Memory: 8536.73 MB used,  7808.11 MB free, 16344.84 MB total
[2017.01.22-22.34.48:903][615]LogMemory: Virtual Memory: 2496.39 MB used,  7808.11 MB free, 134217728.00 MB total
[2017.01.22-22.34.48:903][615]LogMemory: 
[2017.01.22-22.34.48:903][615]Allocator Stats for TBB: (not implemented)
[2017.01.22-22.34.48:903][615]LogPlayLevel: Creating play world package: /Game/ColorepoLevel/UEDPIE_0_MainScene
[2017.01.22-22.34.48:910][615]LogPlayLevel: PIE: StaticDuplicateObject took: (0.006569s)
[2017.01.22-22.34.48:910][615]LogAIModule: Creating AISystem for world MainScene
[2017.01.22-22.34.48:910][615]LogPlayLevel: PIE: World Init took: (0.000486s)
[2017.01.22-22.34.48:910][615]LogPlayLevel: PIE: Created PIE world by copying editor world from /Game/ColorepoLevel/MainScene.MainScene to /Game/ColorepoLevel/UEDPIE_0_MainScene.MainScene (0.007215s)
[2017.01.22-22.34.48:910][615]LogLoad: Game class is 'colorepoGameMode'
[2017.01.22-22.34.48:912][615]LogWorld: Bringing World /Game/ColorepoLevel/UEDPIE_0_MainScene.MainScene up for play (max tick rate 60) at 2017.01.22-14.34.48
[2017.01.22-22.34.48:913][615]LogWorld: Bringing up level for play took: 0.001878
[2017.01.22-22.34.48:913][615]LogGameMode: Warning - PATHS NOT DEFINED or NO PLAYERSTART with positive rating
[2017.01.22-22.34.48:913][615]LogGameMode: Warning - PATHS NOT DEFINED or NO PLAYERSTART with positive rating
[2017.01.22-22.34.48:914][615]LogPlayerManagement:Error: Failed to Create Player: A local player already exists for controller ID 0,
[2017.01.22-22.34.48:914][615]LogPlayerManagement:Error: Failed to Create Player: A local player already exists for controller ID 1,
[2017.01.22-22.34.48:915][615]LogLoad: Took 0.028766 seconds to LoadMap(/Game/ColorepoLevel/UEDPIE_0_MainScene)
[2017.01.22-22.35.06:561][674]LogNet: Browse: /Game/ColorepoLevel/MainScene
[2017.01.22-22.35.06:561][674]LogLoad: LoadMap: /Game/ColorepoLevel/MainScene
[2017.01.22-22.35.06:571][674]Cmd: MEM
[2017.01.22-22.35.06:578][674]LogMemory: Platform Memory Stats for Windows
[2017.01.22-22.35.06:578][674]LogMemory: Process Physical Memory: 1082.52 MB used, 1129.30 MB peak
[2017.01.22-22.35.06:578][674]LogMemory: Process Virtual Memory: 1563.32 MB used, 1723.18 MB peak
[2017.01.22-22.35.06:578][674]LogMemory: Physical Memory: 8518.74 MB used,  7826.09 MB free, 16344.84 MB total
[2017.01.22-22.35.06:578][674]LogMemory: Virtual Memory: 2508.32 MB used,  7826.09 MB free, 134217728.00 MB total
[2017.01.22-22.35.06:578][674]LogMemory: 
[2017.01.22-22.35.06:578][674]Allocator Stats for TBB: (not implemented)
[2017.01.22-22.35.06:578][674]LogPlayLevel: Creating play world package: /Game/ColorepoLevel/UEDPIE_0_MainScene
[2017.01.22-22.35.06:585][674]LogPlayLevel: PIE: StaticDuplicateObject took: (0.006519s)
[2017.01.22-22.35.06:585][674]LogAIModule: Creating AISystem for world MainScene
[2017.01.22-22.35.06:585][674]LogPlayLevel: PIE: World Init took: (0.000374s)
[2017.01.22-22.35.06:585][674]LogPlayLevel: PIE: Created PIE world by copying editor world from /Game/ColorepoLevel/MainScene.MainScene to /Game/ColorepoLevel/UEDPIE_0_MainScene.MainScene (0.007051s)
[2017.01.22-22.35.06:585][674]LogLoad: Game class is 'colorepoGameMode'
[2017.01.22-22.35.06:588][674]LogWorld: Bringing World /Game/ColorepoLevel/UEDPIE_0_MainScene.MainScene up for play (max tick rate 60) at 2017.01.22-14.35.06
[2017.01.22-22.35.06:588][674]LogWorld: Bringing up level for play took: 0.001905
[2017.01.22-22.35.06:588][674]LogGameMode: Warning - PATHS NOT DEFINED or NO PLAYERSTART with positive rating
[2017.01.22-22.35.06:589][674]LogGameMode: Warning - PATHS NOT DEFINED or NO PLAYERSTART with positive rating
[2017.01.22-22.35.06:589][674]LogPlayerManagement:Error: Failed to Create Player: A local player already exists for controller ID 0,
[2017.01.22-22.35.06:589][674]LogPlayerManagement:Error: Failed to Create Player: A local player already exists for controller ID 1,
[2017.01.22-22.35.06:591][674]LogLoad: Took 0.029430 seconds to LoadMap(/Game/ColorepoLevel/UEDPIE_0_MainScene)
[2017.01.22-22.35.16:686][280]LogNet: Browse: /Game/ColorepoLevel/MainScene
[2017.01.22-22.35.16:686][280]LogLoad: LoadMap: /Game/ColorepoLevel/MainScene
[2017.01.22-22.35.16:695][280]Cmd: MEM
[2017.01.22-22.35.16:703][280]LogMemory: Platform Memory Stats for Windows
[2017.01.22-22.35.16:703][280]LogMemory: Process Physical Memory: 1082.30 MB used, 1129.30 MB peak
[2017.01.22-22.35.16:703][280]LogMemory: Process Virtual Memory: 1563.02 MB used, 1723.18 MB peak
[2017.01.22-22.35.16:703][280]LogMemory: Physical Memory: 8518.45 MB used,  7826.39 MB free, 16344.84 MB total
[2017.01.22-22.35.16:703][280]LogMemory: Virtual Memory: 2492.32 MB used,  7826.39 MB free, 134217728.00 MB total
[2017.01.22-22.35.16:703][280]LogMemory: 
[2017.01.22-22.35.16:703][280]Allocator Stats for TBB: (not implemented)
[2017.01.22-22.35.16:703][280]LogPlayLevel: Creating play world package: /Game/ColorepoLevel/UEDPIE_0_MainScene
[2017.01.22-22.35.16:709][280]LogPlayLevel: PIE: StaticDuplicateObject took: (0.006370s)
[2017.01.22-22.35.16:709][280]LogAIModule: Creating AISystem for world MainScene
[2017.01.22-22.35.16:709][280]LogPlayLevel: PIE: World Init took: (0.000374s)
[2017.01.22-22.35.16:710][280]LogPlayLevel: PIE: Created PIE world by copying editor world from /Game/ColorepoLevel/MainScene.MainScene to /Game/ColorepoLevel/UEDPIE_0_MainScene.MainScene (0.006916s)
[2017.01.22-22.35.16:710][280]LogLoad: Game class is 'colorepoGameMode'
[2017.01.22-22.35.16:712][280]LogWorld: Bringing World /Game/ColorepoLevel/UEDPIE_0_MainScene.MainScene up for play (max tick rate 60) at 2017.01.22-14.35.16
[2017.01.22-22.35.16:712][280]LogWorld: Bringing up level for play took: 0.001892
[2017.01.22-22.35.16:713][280]LogGameMode: Warning - PATHS NOT DEFINED or NO PLAYERSTART with positive rating
[2017.01.22-22.35.16:713][280]LogGameMode: Warning - PATHS NOT DEFINED or NO PLAYERSTART with positive rating
[2017.01.22-22.35.16:713][280]LogPlayerManagement:Error: Failed to Create Player: A local player already exists for controller ID 0,
[2017.01.22-22.35.16:713][280]LogPlayerManagement:Error: Failed to Create Player: A local player already exists for controller ID 1,
[2017.01.22-22.35.16:715][280]LogLoad: Took 0.028447 seconds to LoadMap(/Game/ColorepoLevel/UEDPIE_0_MainScene)
[2017.01.22-22.35.21:410][562]LogNet: Browse: /Game/ColorepoLevel/MainScene
[2017.01.22-22.35.21:410][562]LogLoad: LoadMap: /Game/ColorepoLevel/MainScene
[2017.01.22-22.35.21:421][562]Cmd: MEM
[2017.01.22-22.35.21:428][562]LogMemory: Platform Memory Stats for Windows
[2017.01.22-22.35.21:428][562]LogMemory: Process Physical Memory: 1083.39 MB used, 1129.30 MB peak
[2017.01.22-22.35.21:428][562]LogMemory: Process Virtual Memory: 1577.21 MB used, 1723.18 MB peak
[2017.01.22-22.35.21:428][562]LogMemory: Physical Memory: 8519.50 MB used,  7825.34 MB free, 16344.84 MB total
[2017.01.22-22.35.21:428][562]LogMemory: Virtual Memory: 2508.32 MB used,  7825.34 MB free, 134217728.00 MB total
[2017.01.22-22.35.21:428][562]LogMemory: 
[2017.01.22-22.35.21:428][562]Allocator Stats for TBB: (not implemented)
[2017.01.22-22.35.21:428][562]LogPlayLevel: Creating play world package: /Game/ColorepoLevel/UEDPIE_0_MainScene
[2017.01.22-22.35.21:434][562]LogPlayLevel: PIE: StaticDuplicateObject took: (0.006235s)
[2017.01.22-22.35.21:434][562]LogAIModule: Creating AISystem for world MainScene
[2017.01.22-22.35.21:435][562]LogPlayLevel: PIE: World Init took: (0.000385s)
[2017.01.22-22.35.21:435][562]LogPlayLevel: PIE: Created PIE world by copying editor world from /Game/ColorepoLevel/MainScene.MainScene to /Game/ColorepoLevel/UEDPIE_0_MainScene.MainScene (0.006778s)
[2017.01.22-22.35.21:435][562]LogLoad: Game class is 'colorepoGameMode'
[2017.01.22-22.35.21:437][562]LogWorld: Bringing World /Game/ColorepoLevel/UEDPIE_0_MainScene.MainScene up for play (max tick rate 60) at 2017.01.22-14.35.21
[2017.01.22-22.35.21:437][562]LogWorld: Bringing up level for play took: 0.001870
[2017.01.22-22.35.21:438][562]LogGameMode: Warning - PATHS NOT DEFINED or NO PLAYERSTART with positive rating
[2017.01.22-22.35.21:438][562]LogGameMode: Warning - PATHS NOT DEFINED or NO PLAYERSTART with positive rating
[2017.01.22-22.35.21:438][562]LogPlayerManagement:Error: Failed to Create Player: A local player already exists for controller ID 0,
[2017.01.22-22.35.21:438][562]LogPlayerManagement:Error: Failed to Create Player: A local player already exists for controller ID 1,
[2017.01.22-22.35.21:440][562]LogLoad: Took 0.029809 seconds to LoadMap(/Game/ColorepoLevel/UEDPIE_0_MainScene)
[2017.01.22-22.35.36:018][437]LogNet: Browse: /Game/ColorepoLevel/MainScene
[2017.01.22-22.35.36:018][437]LogLoad: LoadMap: /Game/ColorepoLevel/MainScene
[2017.01.22-22.35.36:032][437]Cmd: MEM
[2017.01.22-22.35.36:039][437]LogMemory: Platform Memory Stats for Windows
[2017.01.22-22.35.36:039][437]LogMemory: Process Physical Memory: 1082.41 MB used, 1129.30 MB peak
[2017.01.22-22.35.36:039][437]LogMemory: Process Virtual Memory: 1562.99 MB used, 1723.18 MB peak
[2017.01.22-22.35.36:039][437]LogMemory: Physical Memory: 8517.18 MB used,  7827.66 MB free, 16344.84 MB total
[2017.01.22-22.35.36:039][437]LogMemory: Virtual Memory: 2492.32 MB used,  7827.66 MB free, 134217728.00 MB total
[2017.01.22-22.35.36:039][437]LogMemory: 
[2017.01.22-22.35.36:039][437]Allocator Stats for TBB: (not implemented)
[2017.01.22-22.35.36:039][437]LogPlayLevel: Creating play world package: /Game/ColorepoLevel/UEDPIE_0_MainScene
[2017.01.22-22.35.36:045][437]LogPlayLevel: PIE: StaticDuplicateObject took: (0.006459s)
[2017.01.22-22.35.36:046][437]LogAIModule: Creating AISystem for world MainScene
[2017.01.22-22.35.36:046][437]LogPlayLevel: PIE: World Init took: (0.000376s)
[2017.01.22-22.35.36:046][437]LogPlayLevel: PIE: Created PIE world by copying editor world from /Game/ColorepoLevel/MainScene.MainScene to /Game/ColorepoLevel/UEDPIE_0_MainScene.MainScene (0.007000s)
[2017.01.22-22.35.36:046][437]LogLoad: Game class is 'colorepoGameMode'
[2017.01.22-22.35.36:049][437]LogWorld: Bringing World /Game/ColorepoLevel/UEDPIE_0_MainScene.MainScene up for play (max tick rate 60) at 2017.01.22-14.35.36
[2017.01.22-22.35.36:049][437]LogWorld: Bringing up level for play took: 0.001957
[2017.01.22-22.35.36:049][437]LogGameMode: Warning - PATHS NOT DEFINED or NO PLAYERSTART with positive rating
[2017.01.22-22.35.36:050][437]LogGameMode: Warning - PATHS NOT DEFINED or NO PLAYERSTART with positive rating
[2017.01.22-22.35.36:050][437]LogPlayerManagement:Error: Failed to Create Player: A local player already exists for controller ID 0,
[2017.01.22-22.35.36:050][437]LogPlayerManagement:Error: Failed to Create Player: A local player already exists for controller ID 1,
[2017.01.22-22.35.36:051][437]LogLoad: Took 0.032848 seconds to LoadMap(/Game/ColorepoLevel/UEDPIE_0_MainScene)
[2017.01.22-22.36.19:948][ 71]LogNet: Browse: /Game/ColorepoLevel/MainScene
[2017.01.22-22.36.19:948][ 71]LogLoad: LoadMap: /Game/ColorepoLevel/MainScene
[2017.01.22-22.36.19:957][ 71]Cmd: MEM
[2017.01.22-22.36.19:964][ 71]LogMemory: Platform Memory Stats for Windows
[2017.01.22-22.36.19:964][ 71]LogMemory: Process Physical Memory: 1081.72 MB used, 1129.30 MB peak
[2017.01.22-22.36.19:964][ 71]LogMemory: Process Virtual Memory: 1562.28 MB used, 1723.18 MB peak
[2017.01.22-22.36.19:964][ 71]LogMemory: Physical Memory: 8181.74 MB used,  8163.10 MB free, 16344.84 MB total
[2017.01.22-22.36.19:964][ 71]LogMemory: Virtual Memory: 2507.26 MB used,  8163.10 MB free, 134217728.00 MB total
[2017.01.22-22.36.19:965][ 71]LogMemory: 
[2017.01.22-22.36.19:965][ 71]Allocator Stats for TBB: (not implemented)
[2017.01.22-22.36.19:965][ 71]LogPlayLevel: Creating play world package: /Game/ColorepoLevel/UEDPIE_0_MainScene
[2017.01.22-22.36.19:971][ 71]LogPlayLevel: PIE: StaticDuplicateObject took: (0.006577s)
[2017.01.22-22.36.19:971][ 71]LogAIModule: Creating AISystem for world MainScene
[2017.01.22-22.36.19:971][ 71]LogPlayLevel: PIE: World Init took: (0.000376s)
[2017.01.22-22.36.19:972][ 71]LogPlayLevel: PIE: Created PIE world by copying editor world from /Game/ColorepoLevel/MainScene.MainScene to /Game/ColorepoLevel/UEDPIE_0_MainScene.MainScene (0.007115s)
[2017.01.22-22.36.19:972][ 71]LogLoad: Game class is 'colorepoGameMode'
[2017.01.22-22.36.19:975][ 71]LogWorld: Bringing World /Game/ColorepoLevel/UEDPIE_0_MainScene.MainScene up for play (max tick rate 60) at 2017.01.22-14.36.19
[2017.01.22-22.36.19:975][ 71]LogWorld: Bringing up level for play took: 0.001886
[2017.01.22-22.36.19:975][ 71]LogGameMode: Warning - PATHS NOT DEFINED or NO PLAYERSTART with positive rating
[2017.01.22-22.36.19:975][ 71]LogGameMode: Warning - PATHS NOT DEFINED or NO PLAYERSTART with positive rating
[2017.01.22-22.36.19:976][ 71]LogPlayerManagement:Error: Failed to Create Player: A local player already exists for controller ID 0,
[2017.01.22-22.36.19:976][ 71]LogPlayerManagement:Error: Failed to Create Player: A local player already exists for controller ID 1,
[2017.01.22-22.36.19:977][ 71]LogLoad: Took 0.028987 seconds to LoadMap(/Game/ColorepoLevel/UEDPIE_0_MainScene)
[2017.01.22-22.37.30:625][310]LogNet: Browse: /Game/ColorepoLevel/MainScene
[2017.01.22-22.37.30:625][310]LogLoad: LoadMap: /Game/ColorepoLevel/MainScene
[2017.01.22-22.37.30:633][310]Cmd: MEM
[2017.01.22-22.37.30:641][310]LogMemory: Platform Memory Stats for Windows
[2017.01.22-22.37.30:641][310]LogMemory: Process Physical Memory: 1087.07 MB used, 1129.30 MB peak
[2017.01.22-22.37.30:641][310]LogMemory: Process Virtual Memory: 1569.20 MB used, 1723.18 MB peak
[2017.01.22-22.37.30:641][310]LogMemory: Physical Memory: 8181.02 MB used,  8163.81 MB free, 16344.84 MB total
[2017.01.22-22.37.30:641][310]LogMemory: Virtual Memory: 2499.39 MB used,  8163.81 MB free, 134217728.00 MB total
[2017.01.22-22.37.30:641][310]LogMemory: 
[2017.01.22-22.37.30:641][310]Allocator Stats for TBB: (not implemented)
[2017.01.22-22.37.30:641][310]LogPlayLevel: Creating play world package: /Game/ColorepoLevel/UEDPIE_0_MainScene
[2017.01.22-22.37.30:648][310]LogPlayLevel: PIE: StaticDuplicateObject took: (0.006609s)
[2017.01.22-22.37.30:649][310]LogAIModule: Creating AISystem for world MainScene
[2017.01.22-22.37.30:649][310]LogPlayLevel: PIE: World Init took: (0.000487s)
[2017.01.22-22.37.30:649][310]LogPlayLevel: PIE: Created PIE world by copying editor world from /Game/ColorepoLevel/MainScene.MainScene to /Game/ColorepoLevel/UEDPIE_0_MainScene.MainScene (0.007257s)
[2017.01.22-22.37.30:649][310]LogLoad: Game class is 'colorepoGameMode'
[2017.01.22-22.37.30:651][310]LogWorld: Bringing World /Game/ColorepoLevel/UEDPIE_0_MainScene.MainScene up for play (max tick rate 60) at 2017.01.22-14.37.30
[2017.01.22-22.37.30:652][310]LogWorld: Bringing up level for play took: 0.001935
[2017.01.22-22.37.30:652][310]LogGameMode: Warning - PATHS NOT DEFINED or NO PLAYERSTART with positive rating
[2017.01.22-22.37.30:652][310]LogGameMode: Warning - PATHS NOT DEFINED or NO PLAYERSTART with positive rating
[2017.01.22-22.37.30:652][310]LogPlayerManagement:Error: Failed to Create Player: A local player already exists for controller ID 0,
[2017.01.22-22.37.30:652][310]LogPlayerManagement:Error: Failed to Create Player: A local player already exists for controller ID 1,
[2017.01.22-22.37.30:654][310]LogLoad: Took 0.028650 seconds to LoadMap(/Game/ColorepoLevel/UEDPIE_0_MainScene)
[2017.01.22-22.38.02:850][242]LogNet: Browse: /Game/ColorepoLevel/MainScene
[2017.01.22-22.38.02:850][242]LogLoad: LoadMap: /Game/ColorepoLevel/MainScene
[2017.01.22-22.38.02:859][242]Cmd: MEM
[2017.01.22-22.38.02:867][242]LogMemory: Platform Memory Stats for Windows
[2017.01.22-22.38.02:867][242]LogMemory: Process Physical Memory: 1088.50 MB used, 1129.30 MB peak
[2017.01.22-22.38.02:867][242]LogMemory: Process Virtual Memory: 1569.39 MB used, 1723.18 MB peak
[2017.01.22-22.38.02:867][242]LogMemory: Physical Memory: 8187.16 MB used,  8157.67 MB free, 16344.84 MB total
[2017.01.22-22.38.02:867][242]LogMemory: Virtual Memory: 2510.57 MB used,  8157.67 MB free, 134217728.00 MB total
[2017.01.22-22.38.02:867][242]LogMemory: 
[2017.01.22-22.38.02:867][242]Allocator Stats for TBB: (not implemented)
[2017.01.22-22.38.02:867][242]LogPlayLevel: Creating play world package: /Game/ColorepoLevel/UEDPIE_0_MainScene
[2017.01.22-22.38.02:873][242]LogPlayLevel: PIE: StaticDuplicateObject took: (0.006405s)
[2017.01.22-22.38.02:874][242]LogAIModule: Creating AISystem for world MainScene
[2017.01.22-22.38.02:874][242]LogPlayLevel: PIE: World Init took: (0.000375s)
[2017.01.22-22.38.02:874][242]LogPlayLevel: PIE: Created PIE world by copying editor world from /Game/ColorepoLevel/MainScene.MainScene to /Game/ColorepoLevel/UEDPIE_0_MainScene.MainScene (0.006938s)
[2017.01.22-22.38.02:874][242]LogLoad: Game class is 'colorepoGameMode'
[2017.01.22-22.38.02:876][242]LogWorld: Bringing World /Game/ColorepoLevel/UEDPIE_0_MainScene.MainScene up for play (max tick rate 60) at 2017.01.22-14.38.02
[2017.01.22-22.38.02:877][242]LogWorld: Bringing up level for play took: 0.001916
[2017.01.22-22.38.02:877][242]LogGameMode: Warning - PATHS NOT DEFINED or NO PLAYERSTART with positive rating
[2017.01.22-22.38.02:877][242]LogGameMode: Warning - PATHS NOT DEFINED or NO PLAYERSTART with positive rating
[2017.01.22-22.38.02:878][242]LogPlayerManagement:Error: Failed to Create Player: A local player already exists for controller ID 0,
[2017.01.22-22.38.02:878][242]LogPlayerManagement:Error: Failed to Create Player: A local player already exists for controller ID 1,
[2017.01.22-22.38.02:879][242]LogLoad: Took 0.029212 seconds to LoadMap(/Game/ColorepoLevel/UEDPIE_0_MainScene)
[2017.01.22-22.38.07:758][535]LogNet: Browse: /Game/ColorepoLevel/MainScene
[2017.01.22-22.38.07:758][535]LogLoad: LoadMap: /Game/ColorepoLevel/MainScene
[2017.01.22-22.38.07:768][535]Cmd: MEM
[2017.01.22-22.38.07:776][535]LogMemory: Platform Memory Stats for Windows
[2017.01.22-22.38.07:776][535]LogMemory: Process Physical Memory: 1091.39 MB used, 1129.30 MB peak
[2017.01.22-22.38.07:776][535]LogMemory: Process Virtual Memory: 1572.11 MB used, 1723.18 MB peak
[2017.01.22-22.38.07:776][535]LogMemory: Physical Memory: 8189.02 MB used,  8155.82 MB free, 16344.84 MB total
[2017.01.22-22.38.07:776][535]LogMemory: Virtual Memory: 2494.57 MB used,  8155.82 MB free, 134217728.00 MB total
[2017.01.22-22.38.07:776][535]LogMemory: 
[2017.01.22-22.38.07:776][535]Allocator Stats for TBB: (not implemented)
[2017.01.22-22.38.07:776][535]LogPlayLevel: Creating play world package: /Game/ColorepoLevel/UEDPIE_0_MainScene
[2017.01.22-22.38.07:783][535]LogPlayLevel: PIE: StaticDuplicateObject took: (0.006614s)
[2017.01.22-22.38.07:783][535]LogAIModule: Creating AISystem for world MainScene
[2017.01.22-22.38.07:783][535]LogPlayLevel: PIE: World Init took: (0.000386s)
[2017.01.22-22.38.07:784][535]LogPlayLevel: PIE: Created PIE world by copying editor world from /Game/ColorepoLevel/MainScene.MainScene to /Game/ColorepoLevel/UEDPIE_0_MainScene.MainScene (0.007169s)
[2017.01.22-22.38.07:784][535]LogLoad: Game class is 'colorepoGameMode'
[2017.01.22-22.38.07:786][535]LogWorld: Bringing World /Game/ColorepoLevel/UEDPIE_0_MainScene.MainScene up for play (max tick rate 60) at 2017.01.22-14.38.07
[2017.01.22-22.38.07:787][535]LogWorld: Bringing up level for play took: 0.001969
[2017.01.22-22.38.07:787][535]LogGameMode: Warning - PATHS NOT DEFINED or NO PLAYERSTART with positive rating
[2017.01.22-22.38.07:787][535]LogGameMode: Warning - PATHS NOT DEFINED or NO PLAYERSTART with positive rating
[2017.01.22-22.38.07:788][535]LogPlayerManagement:Error: Failed to Create Player: A local player already exists for controller ID 0,
[2017.01.22-22.38.07:788][535]LogPlayerManagement:Error: Failed to Create Player: A local player already exists for controller ID 1,
[2017.01.22-22.38.07:789][535]LogLoad: Took 0.031391 seconds to LoadMap(/Game/ColorepoLevel/UEDPIE_0_MainScene)
[2017.01.22-22.38.38:436][374]LogNet: Browse: /Game/ColorepoLevel/MainScene
[2017.01.22-22.38.38:436][374]LogLoad: LoadMap: /Game/ColorepoLevel/MainScene
[2017.01.22-22.38.38:446][374]Cmd: MEM
[2017.01.22-22.38.38:453][374]LogMemory: Platform Memory Stats for Windows
[2017.01.22-22.38.38:453][374]LogMemory: Process Physical Memory: 1088.70 MB used, 1129.30 MB peak
[2017.01.22-22.38.38:453][374]LogMemory: Process Virtual Memory: 1569.15 MB used, 1723.18 MB peak
[2017.01.22-22.38.38:453][374]LogMemory: Physical Memory: 8192.76 MB used,  8152.07 MB free, 16344.84 MB total
[2017.01.22-22.38.38:453][374]LogMemory: Virtual Memory: 2515.39 MB used,  8152.07 MB free, 134217728.00 MB total
[2017.01.22-22.38.38:453][374]LogMemory: 
[2017.01.22-22.38.38:453][374]Allocator Stats for TBB: (not implemented)
[2017.01.22-22.38.38:453][374]LogPlayLevel: Creating play world package: /Game/ColorepoLevel/UEDPIE_0_MainScene
[2017.01.22-22.38.38:460][374]LogPlayLevel: PIE: StaticDuplicateObject took: (0.006494s)
[2017.01.22-22.38.38:460][374]LogAIModule: Creating AISystem for world MainScene
[2017.01.22-22.38.38:460][374]LogPlayLevel: PIE: World Init took: (0.000390s)
[2017.01.22-22.38.38:460][374]LogPlayLevel: PIE: Created PIE world by copying editor world from /Game/ColorepoLevel/MainScene.MainScene to /Game/ColorepoLevel/UEDPIE_0_MainScene.MainScene (0.007043s)
[2017.01.22-22.38.38:460][374]LogLoad: Game class is 'colorepoGameMode'
[2017.01.22-22.38.38:463][374]LogWorld: Bringing World /Game/ColorepoLevel/UEDPIE_0_MainScene.MainScene up for play (max tick rate 60) at 2017.01.22-14.38.38
[2017.01.22-22.38.38:463][374]LogWorld: Bringing up level for play took: 0.001948
[2017.01.22-22.38.38:463][374]LogGameMode: Warning - PATHS NOT DEFINED or NO PLAYERSTART with positive rating
[2017.01.22-22.38.38:464][374]LogGameMode: Warning - PATHS NOT DEFINED or NO PLAYERSTART with positive rating
[2017.01.22-22.38.38:464][374]LogPlayerManagement:Error: Failed to Create Player: A local player already exists for controller ID 0,
[2017.01.22-22.38.38:464][374]LogPlayerManagement:Error: Failed to Create Player: A local player already exists for controller ID 1,
[2017.01.22-22.38.38:465][374]LogLoad: Took 0.029076 seconds to LoadMap(/Game/ColorepoLevel/UEDPIE_0_MainScene)
[2017.01.22-22.38.45:328][786]LogNet: Browse: /Game/ColorepoLevel/MainScene
[2017.01.22-22.38.45:328][786]LogLoad: LoadMap: /Game/ColorepoLevel/MainScene
[2017.01.22-22.38.45:337][786]Cmd: MEM
[2017.01.22-22.38.45:344][786]LogMemory: Platform Memory Stats for Windows
[2017.01.22-22.38.45:344][786]LogMemory: Process Physical Memory: 1088.87 MB used, 1129.30 MB peak
[2017.01.22-22.38.45:344][786]LogMemory: Process Virtual Memory: 1569.25 MB used, 1723.18 MB peak
[2017.01.22-22.38.45:344][786]LogMemory: Physical Memory: 8192.23 MB used,  8152.61 MB free, 16344.84 MB total
[2017.01.22-22.38.45:344][786]LogMemory: Virtual Memory: 2499.39 MB used,  8152.61 MB free, 134217728.00 MB total
[2017.01.22-22.38.45:344][786]LogMemory: 
[2017.01.22-22.38.45:344][786]Allocator Stats for TBB: (not implemented)
[2017.01.22-22.38.45:345][786]LogPlayLevel: Creating play world package: /Game/ColorepoLevel/UEDPIE_0_MainScene
[2017.01.22-22.38.45:351][786]LogPlayLevel: PIE: StaticDuplicateObject took: (0.006396s)
[2017.01.22-22.38.45:351][786]LogAIModule: Creating AISystem for world MainScene
[2017.01.22-22.38.45:351][786]LogPlayLevel: PIE: World Init took: (0.000383s)
[2017.01.22-22.38.45:351][786]LogPlayLevel: PIE: Created PIE world by copying editor world from /Game/ColorepoLevel/MainScene.MainScene to /Game/ColorepoLevel/UEDPIE_0_MainScene.MainScene (0.006936s)
[2017.01.22-22.38.45:351][786]LogLoad: Game class is 'colorepoGameMode'
[2017.01.22-22.38.45:354][786]LogWorld: Bringing World /Game/ColorepoLevel/UEDPIE_0_MainScene.MainScene up for play (max tick rate 60) at 2017.01.22-14.38.45
[2017.01.22-22.38.45:354][786]LogWorld: Bringing up level for play took: 0.001934
[2017.01.22-22.38.45:355][786]LogGameMode: Warning - PATHS NOT DEFINED or NO PLAYERSTART with positive rating
[2017.01.22-22.38.45:355][786]LogGameMode: Warning - PATHS NOT DEFINED or NO PLAYERSTART with positive rating
[2017.01.22-22.38.45:355][786]LogPlayerManagement:Error: Failed to Create Player: A local player already exists for controller ID 0,
[2017.01.22-22.38.45:355][786]LogPlayerManagement:Error: Failed to Create Player: A local player already exists for controller ID 1,
[2017.01.22-22.38.45:357][786]LogLoad: Took 0.028724 seconds to LoadMap(/Game/ColorepoLevel/UEDPIE_0_MainScene)
[2017.01.22-22.39.24:472][133]LogNet: Browse: /Game/ThirdPersonCPP/Maps/MainMenuLevel
[2017.01.22-22.39.24:472][133]LogLoad: LoadMap: /Game/ThirdPersonCPP/Maps/MainMenuLevel
[2017.01.22-22.39.24:481][133]Cmd: MEM
[2017.01.22-22.39.24:489][133]LogMemory: Platform Memory Stats for Windows
[2017.01.22-22.39.24:489][133]LogMemory: Process Physical Memory: 1088.74 MB used, 1129.30 MB peak
[2017.01.22-22.39.24:489][133]LogMemory: Process Virtual Memory: 1569.28 MB used, 1723.18 MB peak
[2017.01.22-22.39.24:489][133]LogMemory: Physical Memory: 8237.38 MB used,  8107.45 MB free, 16344.84 MB total
[2017.01.22-22.39.24:489][133]LogMemory: Virtual Memory: 2515.39 MB used,  8107.45 MB free, 134217728.00 MB total
[2017.01.22-22.39.24:489][133]LogMemory: 
[2017.01.22-22.39.24:489][133]Allocator Stats for TBB: (not implemented)
[2017.01.22-22.39.24:717][133]LogAIModule: Creating AISystem for world MainMenuLevel
[2017.01.22-22.39.24:717][133]LogLoad: Game class is 'colorepoGameMode'
[2017.01.22-22.39.24:718][133]LogWorld: Bringing World /Game/ThirdPersonCPP/Maps/UEDPIE_0_MainMenuLevel.MainMenuLevel up for play (max tick rate 60) at 2017.01.22-14.39.24
[2017.01.22-22.39.24:718][133]LogWorld: Bringing up level for play took: 0.000620
[2017.01.22-22.39.24:719][133]LogGameMode: Warning - PATHS NOT DEFINED or NO PLAYERSTART with positive rating
[2017.01.22-22.39.24:719][133]LogGameMode: Warning - PATHS NOT DEFINED or NO PLAYERSTART with positive rating
[2017.01.22-22.39.24:719][133]LogPlayerManagement:Error: Failed to Create Player: A local player already exists for controller ID 0,
[2017.01.22-22.39.24:719][133]LogPlayerManagement:Error: Failed to Create Player: A local player already exists for controller ID 1,
[2017.01.22-22.39.24:720][133]LogLoad: Took 0.249005 seconds to LoadMap(/Game/ThirdPersonCPP/Maps/MainMenuLevel)
[2017.01.22-22.39.32:268][586]LogNet: Browse: /Game/ColorepoLevel/MainScene
[2017.01.22-22.39.32:268][586]LogLoad: LoadMap: /Game/ColorepoLevel/MainScene
[2017.01.22-22.39.32:278][586]Cmd: MEM
[2017.01.22-22.39.32:286][586]LogMemory: Platform Memory Stats for Windows
[2017.01.22-22.39.32:286][586]LogMemory: Process Physical Memory: 1233.91 MB used, 1339.93 MB peak
[2017.01.22-22.39.32:286][586]LogMemory: Process Virtual Memory: 1705.23 MB used, 1943.99 MB peak
[2017.01.22-22.39.32:286][586]LogMemory: Physical Memory: 8361.75 MB used,  7983.08 MB free, 16344.84 MB total
[2017.01.22-22.39.32:286][586]LogMemory: Virtual Memory: 2696.14 MB used,  7983.08 MB free, 134217728.00 MB total
[2017.01.22-22.39.32:286][586]LogMemory: 
[2017.01.22-22.39.32:286][586]Allocator Stats for TBB: (not implemented)
[2017.01.22-22.39.32:286][586]LogPlayLevel: Creating play world package: /Game/ColorepoLevel/UEDPIE_0_MainScene
[2017.01.22-22.39.32:292][586]LogPlayLevel: PIE: StaticDuplicateObject took: (0.006469s)
[2017.01.22-22.39.32:292][586]LogAIModule: Creating AISystem for world MainScene
[2017.01.22-22.39.32:293][586]LogPlayLevel: PIE: World Init took: (0.000406s)
[2017.01.22-22.39.32:293][586]LogPlayLevel: PIE: Created PIE world by copying editor world from /Game/ColorepoLevel/MainScene.MainScene to /Game/ColorepoLevel/UEDPIE_0_MainScene.MainScene (0.007033s)
[2017.01.22-22.39.32:293][586]LogLoad: Game class is 'colorepoGameMode'
[2017.01.22-22.39.32:295][586]LogWorld: Bringing World /Game/ColorepoLevel/UEDPIE_0_MainScene.MainScene up for play (max tick rate 60) at 2017.01.22-14.39.32
[2017.01.22-22.39.32:295][586]LogWorld: Bringing up level for play took: 0.001906
[2017.01.22-22.39.32:296][586]LogGameMode: Warning - PATHS NOT DEFINED or NO PLAYERSTART with positive rating
[2017.01.22-22.39.32:296][586]LogGameMode: Warning - PATHS NOT DEFINED or NO PLAYERSTART with positive rating
[2017.01.22-22.39.32:296][586]LogPlayerManagement:Error: Failed to Create Player: A local player already exists for controller ID 0,
[2017.01.22-22.39.32:296][586]LogPlayerManagement:Error: Failed to Create Player: A local player already exists for controller ID 1,
[2017.01.22-22.39.32:298][586]LogLoad: Took 0.029817 seconds to LoadMap(/Game/ColorepoLevel/UEDPIE_0_MainScene)
[2017.01.22-22.39.36:544][841]LogNet: Browse: /Game/ThirdPersonCPP/Maps/MainMenuLevel
[2017.01.22-22.39.36:545][841]LogLoad: LoadMap: /Game/ThirdPersonCPP/Maps/MainMenuLevel
[2017.01.22-22.39.36:554][841]Cmd: MEM
[2017.01.22-22.39.36:561][841]LogMemory: Platform Memory Stats for Windows
[2017.01.22-22.39.36:561][841]LogMemory: Process Physical Memory: 1234.16 MB used, 1339.93 MB peak
[2017.01.22-22.39.36:561][841]LogMemory: Process Virtual Memory: 1703.59 MB used, 1943.99 MB peak
[2017.01.22-22.39.36:561][841]LogMemory: Physical Memory: 8363.56 MB used,  7981.27 MB free, 16344.84 MB total
[2017.01.22-22.39.36:561][841]LogMemory: Virtual Memory: 2664.14 MB used,  7981.27 MB free, 134217728.00 MB total
[2017.01.22-22.39.36:561][841]LogMemory: 
[2017.01.22-22.39.36:561][841]Allocator Stats for TBB: (not implemented)
[2017.01.22-22.39.36:601][841]LogAIModule: Creating AISystem for world MainMenuLevel
[2017.01.22-22.39.36:601][841]LogLoad: Game class is 'colorepoGameMode'
[2017.01.22-22.39.36:602][841]LogWorld: Bringing World /Game/ThirdPersonCPP/Maps/UEDPIE_0_MainMenuLevel.MainMenuLevel up for play (max tick rate 60) at 2017.01.22-14.39.36
[2017.01.22-22.39.36:603][841]LogWorld: Bringing up level for play took: 0.000615
[2017.01.22-22.39.36:603][841]LogGameMode: Warning - PATHS NOT DEFINED or NO PLAYERSTART with positive rating
[2017.01.22-22.39.36:603][841]LogGameMode: Warning - PATHS NOT DEFINED or NO PLAYERSTART with positive rating
[2017.01.22-22.39.36:603][841]LogPlayerManagement:Error: Failed to Create Player: A local player already exists for controller ID 0,
[2017.01.22-22.39.36:603][841]LogPlayerManagement:Error: Failed to Create Player: A local player already exists for controller ID 1,
[2017.01.22-22.39.36:605][841]LogLoad: Took 0.059874 seconds to LoadMap(/Game/ThirdPersonCPP/Maps/MainMenuLevel)
[2017.01.22-22.39.49:848][636]LogNet: Browse: /Game/ColorepoLevel/MainScene
[2017.01.22-22.39.49:848][636]LogLoad: LoadMap: /Game/ColorepoLevel/MainScene
[2017.01.22-22.39.49:855][636]Cmd: MEM
[2017.01.22-22.39.49:863][636]LogMemory: Platform Memory Stats for Windows
[2017.01.22-22.39.49:863][636]LogMemory: Process Physical Memory: 1223.73 MB used, 1339.93 MB peak
[2017.01.22-22.39.49:863][636]LogMemory: Process Virtual Memory: 1692.87 MB used, 1943.99 MB peak
[2017.01.22-22.39.49:863][636]LogMemory: Physical Memory: 8379.32 MB used,  7965.51 MB free, 16344.84 MB total
[2017.01.22-22.39.49:863][636]LogMemory: Virtual Memory: 2696.14 MB used,  7965.51 MB free, 134217728.00 MB total
[2017.01.22-22.39.49:863][636]LogMemory: 
[2017.01.22-22.39.49:863][636]Allocator Stats for TBB: (not implemented)
[2017.01.22-22.39.49:863][636]LogPlayLevel: Creating play world package: /Game/ColorepoLevel/UEDPIE_0_MainScene
[2017.01.22-22.39.49:870][636]LogPlayLevel: PIE: StaticDuplicateObject took: (0.006494s)
[2017.01.22-22.39.49:870][636]LogAIModule: Creating AISystem for world MainScene
[2017.01.22-22.39.49:870][636]LogPlayLevel: PIE: World Init took: (0.000472s)
[2017.01.22-22.39.49:871][636]LogPlayLevel: PIE: Created PIE world by copying editor world from /Game/ColorepoLevel/MainScene.MainScene to /Game/ColorepoLevel/UEDPIE_0_MainScene.MainScene (0.007141s)
[2017.01.22-22.39.49:871][636]LogLoad: Game class is 'colorepoGameMode'
[2017.01.22-22.39.49:873][636]LogWorld: Bringing World /Game/ColorepoLevel/UEDPIE_0_MainScene.MainScene up for play (max tick rate 60) at 2017.01.22-14.39.49
[2017.01.22-22.39.49:873][636]LogWorld: Bringing up level for play took: 0.001957
[2017.01.22-22.39.49:873][636]LogGameMode: Warning - PATHS NOT DEFINED or NO PLAYERSTART with positive rating
[2017.01.22-22.39.49:874][636]LogGameMode: Warning - PATHS NOT DEFINED or NO PLAYERSTART with positive rating
[2017.01.22-22.39.49:874][636]LogPlayerManagement:Error: Failed to Create Player: A local player already exists for controller ID 0,
[2017.01.22-22.39.49:874][636]LogPlayerManagement:Error: Failed to Create Player: A local player already exists for controller ID 1,
[2017.01.22-22.39.49:875][636]LogLoad: Took 0.027795 seconds to LoadMap(/Game/ColorepoLevel/UEDPIE_0_MainScene)
[2017.01.22-22.40.04:687][525]LogNet: Browse: /Game/ColorepoLevel/MainScene
[2017.01.22-22.40.04:687][525]LogLoad: LoadMap: /Game/ColorepoLevel/MainScene
[2017.01.22-22.40.04:697][525]Cmd: MEM
[2017.01.22-22.40.04:705][525]LogMemory: Platform Memory Stats for Windows
[2017.01.22-22.40.04:705][525]LogMemory: Process Physical Memory: 1225.93 MB used, 1339.93 MB peak
[2017.01.22-22.40.04:705][525]LogMemory: Process Virtual Memory: 1703.72 MB used, 1943.99 MB peak
[2017.01.22-22.40.04:705][525]LogMemory: Physical Memory: 8377.79 MB used,  7967.04 MB free, 16344.84 MB total
[2017.01.22-22.40.04:705][525]LogMemory: Virtual Memory: 2664.14 MB used,  7967.04 MB free, 134217728.00 MB total
[2017.01.22-22.40.04:705][525]LogMemory: 
[2017.01.22-22.40.04:705][525]Allocator Stats for TBB: (not implemented)
[2017.01.22-22.40.04:705][525]LogPlayLevel: Creating play world package: /Game/ColorepoLevel/UEDPIE_0_MainScene
[2017.01.22-22.40.04:711][525]LogPlayLevel: PIE: StaticDuplicateObject took: (0.006495s)
[2017.01.22-22.40.04:711][525]LogAIModule: Creating AISystem for world MainScene
[2017.01.22-22.40.04:712][525]LogPlayLevel: PIE: World Init took: (0.000392s)
[2017.01.22-22.40.04:712][525]LogPlayLevel: PIE: Created PIE world by copying editor world from /Game/ColorepoLevel/MainScene.MainScene to /Game/ColorepoLevel/UEDPIE_0_MainScene.MainScene (0.007044s)
[2017.01.22-22.40.04:712][525]LogLoad: Game class is 'colorepoGameMode'
[2017.01.22-22.40.04:714][525]LogWorld: Bringing World /Game/ColorepoLevel/UEDPIE_0_MainScene.MainScene up for play (max tick rate 60) at 2017.01.22-14.40.04
[2017.01.22-22.40.04:714][525]LogWorld: Bringing up level for play took: 0.001940
[2017.01.22-22.40.04:715][525]LogGameMode: Warning - PATHS NOT DEFINED or NO PLAYERSTART with positive rating
[2017.01.22-22.40.04:715][525]LogGameMode: Warning - PATHS NOT DEFINED or NO PLAYERSTART with positive rating
[2017.01.22-22.40.04:715][525]LogPlayerManagement:Error: Failed to Create Player: A local player already exists for controller ID 0,
[2017.01.22-22.40.04:715][525]LogPlayerManagement:Error: Failed to Create Player: A local player already exists for controller ID 1,
[2017.01.22-22.40.04:717][525]LogLoad: Took 0.029002 seconds to LoadMap(/Game/ColorepoLevel/UEDPIE_0_MainScene)
[2017.01.22-22.40.12:945][ 19]LogNet: Browse: /Game/ColorepoLevel/MainScene
[2017.01.22-22.40.12:945][ 19]LogLoad: LoadMap: /Game/ColorepoLevel/MainScene
[2017.01.22-22.40.12:955][ 19]Cmd: MEM
[2017.01.22-22.40.12:963][ 19]LogMemory: Platform Memory Stats for Windows
[2017.01.22-22.40.12:963][ 19]LogMemory: Process Physical Memory: 1225.48 MB used, 1339.93 MB peak
[2017.01.22-22.40.12:963][ 19]LogMemory: Process Virtual Memory: 1702.82 MB used, 1943.99 MB peak
[2017.01.22-22.40.12:963][ 19]LogMemory: Physical Memory: 8378.38 MB used,  7966.46 MB free, 16344.84 MB total
[2017.01.22-22.40.12:963][ 19]LogMemory: Virtual Memory: 2664.14 MB used,  7966.46 MB free, 134217728.00 MB total
[2017.01.22-22.40.12:963][ 19]LogMemory: 
[2017.01.22-22.40.12:963][ 19]Allocator Stats for TBB: (not implemented)
[2017.01.22-22.40.12:963][ 19]LogPlayLevel: Creating play world package: /Game/ColorepoLevel/UEDPIE_0_MainScene
[2017.01.22-22.40.12:970][ 19]LogPlayLevel: PIE: StaticDuplicateObject took: (0.006560s)
[2017.01.22-22.40.12:970][ 19]LogAIModule: Creating AISystem for world MainScene
[2017.01.22-22.40.12:970][ 19]LogPlayLevel: PIE: World Init took: (0.000376s)
[2017.01.22-22.40.12:970][ 19]LogPlayLevel: PIE: Created PIE world by copying editor world from /Game/ColorepoLevel/MainScene.MainScene to /Game/ColorepoLevel/UEDPIE_0_MainScene.MainScene (0.007098s)
[2017.01.22-22.40.12:970][ 19]LogLoad: Game class is 'colorepoGameMode'
[2017.01.22-22.40.12:973][ 19]LogWorld: Bringing World /Game/ColorepoLevel/UEDPIE_0_MainScene.MainScene up for play (max tick rate 60) at 2017.01.22-14.40.12
[2017.01.22-22.40.12:973][ 19]LogWorld: Bringing up level for play took: 0.001907
[2017.01.22-22.40.12:973][ 19]LogGameMode: Warning - PATHS NOT DEFINED or NO PLAYERSTART with positive rating
[2017.01.22-22.40.12:974][ 19]LogGameMode: Warning - PATHS NOT DEFINED or NO PLAYERSTART with positive rating
[2017.01.22-22.40.12:974][ 19]LogPlayerManagement:Error: Failed to Create Player: A local player already exists for controller ID 0,
[2017.01.22-22.40.12:974][ 19]LogPlayerManagement:Error: Failed to Create Player: A local player already exists for controller ID 1,
[2017.01.22-22.40.12:975][ 19]LogLoad: Took 0.029855 seconds to LoadMap(/Game/ColorepoLevel/UEDPIE_0_MainScene)
[2017.01.22-22.41.15:489][770]LogNet: Browse: /Game/ColorepoLevel/MainScene
[2017.01.22-22.41.15:489][770]LogLoad: LoadMap: /Game/ColorepoLevel/MainScene
[2017.01.22-22.41.15:500][770]Cmd: MEM
[2017.01.22-22.41.15:508][770]LogMemory: Platform Memory Stats for Windows
[2017.01.22-22.41.15:508][770]LogMemory: Process Physical Memory: 1226.13 MB used, 1339.93 MB peak
[2017.01.22-22.41.15:508][770]LogMemory: Process Virtual Memory: 1703.47 MB used, 1943.99 MB peak
[2017.01.22-22.41.15:508][770]LogMemory: Physical Memory: 8378.32 MB used,  7966.52 MB free, 16344.84 MB total
[2017.01.22-22.41.15:508][770]LogMemory: Virtual Memory: 2664.14 MB used,  7966.52 MB free, 134217728.00 MB total
[2017.01.22-22.41.15:508][770]LogMemory: 
[2017.01.22-22.41.15:508][770]Allocator Stats for TBB: (not implemented)
[2017.01.22-22.41.15:508][770]LogPlayLevel: Creating play world package: /Game/ColorepoLevel/UEDPIE_0_MainScene
[2017.01.22-22.41.15:514][770]LogPlayLevel: PIE: StaticDuplicateObject took: (0.006708s)
[2017.01.22-22.41.15:515][770]LogAIModule: Creating AISystem for world MainScene
[2017.01.22-22.41.15:515][770]LogPlayLevel: PIE: World Init took: (0.000393s)
[2017.01.22-22.41.15:515][770]LogPlayLevel: PIE: Created PIE world by copying editor world from /Game/ColorepoLevel/MainScene.MainScene to /Game/ColorepoLevel/UEDPIE_0_MainScene.MainScene (0.007258s)
[2017.01.22-22.41.15:515][770]LogLoad: Game class is 'colorepoGameMode'
[2017.01.22-22.41.15:517][770]LogWorld: Bringing World /Game/ColorepoLevel/UEDPIE_0_MainScene.MainScene up for play (max tick rate 60) at 2017.01.22-14.41.15
[2017.01.22-22.41.15:518][770]LogWorld: Bringing up level for play took: 0.002017
[2017.01.22-22.41.15:518][770]LogGameMode: Warning - PATHS NOT DEFINED or NO PLAYERSTART with positive rating
[2017.01.22-22.41.15:518][770]LogGameMode: Warning - PATHS NOT DEFINED or NO PLAYERSTART with positive rating
[2017.01.22-22.41.15:519][770]LogPlayerManagement:Error: Failed to Create Player: A local player already exists for controller ID 0,
[2017.01.22-22.41.15:519][770]LogPlayerManagement:Error: Failed to Create Player: A local player already exists for controller ID 1,
[2017.01.22-22.41.15:520][770]LogLoad: Took 0.030929 seconds to LoadMap(/Game/ColorepoLevel/UEDPIE_0_MainScene)
[2017.01.22-22.43.06:955][338]LogNet: Browse: /Game/ThirdPersonCPP/Maps/MainMenuLevel
[2017.01.22-22.43.06:955][338]LogLoad: LoadMap: /Game/ThirdPersonCPP/Maps/MainMenuLevel
[2017.01.22-22.43.06:964][338]Cmd: MEM
[2017.01.22-22.43.06:971][338]LogMemory: Platform Memory Stats for Windows
[2017.01.22-22.43.06:971][338]LogMemory: Process Physical Memory: 1236.11 MB used, 1339.93 MB peak
[2017.01.22-22.43.06:972][338]LogMemory: Process Virtual Memory: 1711.72 MB used, 1943.99 MB peak
[2017.01.22-22.43.06:972][338]LogMemory: Physical Memory: 8401.89 MB used,  7942.95 MB free, 16344.84 MB total
[2017.01.22-22.43.06:972][338]LogMemory: Virtual Memory: 2664.14 MB used,  7942.95 MB free, 134217728.00 MB total
[2017.01.22-22.43.06:972][338]LogMemory: 
[2017.01.22-22.43.06:972][338]Allocator Stats for TBB: (not implemented)
[2017.01.22-22.43.07:011][338]LogAIModule: Creating AISystem for world MainMenuLevel
[2017.01.22-22.43.07:011][338]LogLoad: Game class is 'colorepoGameMode'
[2017.01.22-22.43.07:013][338]LogWorld: Bringing World /Game/ThirdPersonCPP/Maps/UEDPIE_0_MainMenuLevel.MainMenuLevel up for play (max tick rate 60) at 2017.01.22-14.43.07
[2017.01.22-22.43.07:013][338]LogWorld: Bringing up level for play took: 0.000589
[2017.01.22-22.43.07:013][338]LogGameMode: Warning - PATHS NOT DEFINED or NO PLAYERSTART with positive rating
[2017.01.22-22.43.07:013][338]LogGameMode: Warning - PATHS NOT DEFINED or NO PLAYERSTART with positive rating
[2017.01.22-22.43.07:014][338]LogPlayerManagement:Error: Failed to Create Player: A local player already exists for controller ID 0,
[2017.01.22-22.43.07:014][338]LogPlayerManagement:Error: Failed to Create Player: A local player already exists for controller ID 1,
[2017.01.22-22.43.07:015][338]LogLoad: Took 0.060037 seconds to LoadMap(/Game/ThirdPersonCPP/Maps/MainMenuLevel)
[2017.01.22-22.43.10:126][525]LogBlueprintUserMessages: Early EndPlayMap Detection: Level '/Game/ColorepoLevel/MainScene.MainScene:PersistentLevel' has LevelScriptBlueprint '/Game/ColorepoLevel/MainScene.MainScene:PersistentLevel.MainScene' with GeneratedClass '/Game/ColorepoLevel/MainScene.MainScene_C' with ClassGeneratedBy '/Game/ColorepoLevel/MainScene.MainScene:PersistentLevel.MainScene'
